2025-04-03 01:43:46,039 - goblinball - INFO - ==================================================
2025-04-03 01:43:46,039 - goblinball - INFO - Starting Goblinball
2025-04-03 01:43:46,039 - goblinball - INFO - Python version: 3.13.2 (tags/v3.13.2:4f8bb39, Feb  4 2025, 15:23:48) [MSC v.1942 64 bit (AMD64)]
2025-04-03 01:43:46,039 - goblinball - INFO - Current working directory: C:\Users\johnm\OneDrive\Documents\goblin-ball\goblinball
2025-04-03 01:43:46,039 - goblinball - INFO - Sys path: ['C:\\Users\\johnm\\OneDrive\\Documents\\goblin-ball\\goblinball', 'C:\\Users\\johnm\\OneDrive\\Documents\\goblin-ball', 'C:\\Users\\johnm\\AppData\\Local\\Programs\\Python\\Python313\\python313.zip', 'C:\\Users\\johnm\\AppData\\Local\\Programs\\Python\\Python313\\DLLs', 'C:\\Users\\johnm\\AppData\\Local\\Programs\\Python\\Python313\\Lib', 'C:\\Users\\johnm\\AppData\\Local\\Programs\\Python\\Python313', 'C:\\Users\\johnm\\AppData\\Local\\Programs\\Python\\Python313\\Lib\\site-packages']
2025-04-03 01:43:46,041 - goblinball - INFO - ==================================================
2025-04-03 01:43:46,054 - goblinball - INFO - All required modules validated successfully
2025-04-03 01:43:46,054 - goblinball - INFO - Starting Goblinball
2025-04-03 01:43:46,054 - goblinball - INFO - Running from directory: C:\Users\johnm\OneDrive\Documents\goblin-ball\goblinball
2025-04-03 01:43:46,074 - goblinball.controller - INFO - Selected carrier: Splatchewer from team Mudcrushers
2025-04-03 01:43:46,074 - goblinball.controller - INFO - ===== Starting Play 1 =====
2025-04-03 01:43:46,074 - goblinball.controller - INFO - Selected carrier: Lugchomper from team Mudcrushers
2025-04-03 01:43:48,739 - goblinball.controller - INFO - ==== Processing Turn 1 ====
2025-04-03 01:43:48,739 - goblinball.controller - INFO - Offense Team: Mudcrushers, Defense Team: Skullsmashers
2025-04-03 01:43:48,739 - goblinball.controller - INFO - Attempting to move carrier Lugchomper
2025-04-03 01:43:48,740 - goblinball.controller - INFO - Moving offensive blockers for team Mudcrushers
2025-04-03 01:43:48,744 - goblinball.controller - INFO - Moving defensive blockers for team Skullsmashers
2025-04-03 01:43:50,919 - goblinball.controller - INFO - ==== Processing Turn 2 ====
2025-04-03 01:43:50,920 - goblinball.controller - INFO - Offense Team: Mudcrushers, Defense Team: Skullsmashers
2025-04-03 01:43:50,920 - goblinball.controller - INFO - Attempting to move carrier Lugchomper
2025-04-03 01:43:50,920 - goblinball.controller - INFO - Moving offensive blockers for team Mudcrushers
2025-04-03 01:43:50,921 - goblinball.controller - INFO - Moving defensive blockers for team Skullsmashers
2025-04-03 01:43:58,041 - goblinball.controller - INFO - ==== Processing Turn 3 ====
2025-04-03 01:43:58,042 - goblinball.controller - INFO - Offense Team: Mudcrushers, Defense Team: Skullsmashers
2025-04-03 01:43:58,042 - goblinball.controller - INFO - Attempting to move carrier Lugchomper
2025-04-03 01:43:58,042 - goblinball.controller - INFO - Moving offensive blockers for team Mudcrushers
2025-04-03 01:43:58,042 - goblinball.controller - INFO - Moving defensive blockers for team Skullsmashers
2025-04-03 01:43:59,024 - goblinball.controller - INFO - ==== Processing Turn 4 ====
2025-04-03 01:43:59,024 - goblinball.controller - INFO - Offense Team: Mudcrushers, Defense Team: Skullsmashers
2025-04-03 01:43:59,025 - goblinball.controller - INFO - Attempting to move carrier Lugchomper
2025-04-03 01:43:59,025 - goblinball.controller - INFO - Moving offensive blockers for team Mudcrushers
2025-04-03 01:43:59,025 - goblinball.controller - INFO - Moving defensive blockers for team Skullsmashers
2025-04-03 01:43:59,025 - goblinball.controller - INFO - ===== Ending Play 1 after 4 turns =====
2025-04-03 01:43:59,025 - goblinball.controller - INFO - Score: Mudcrushers 0 - 0 Skullsmashers
2025-04-03 01:46:34,495 - goblinball - INFO - Goblinball ended
