2025-04-03 11:55:54,647 - goblinball - INFO - ==================================================
2025-04-03 11:55:54,647 - goblinball - INFO - Starting Goblinball
2025-04-03 11:55:54,648 - goblinball - INFO - Python version: 3.13.2 (tags/v3.13.2:4f8bb39, Feb  4 2025, 15:23:48) [MSC v.1942 64 bit (AMD64)]
2025-04-03 11:55:54,648 - goblinball - INFO - Current working directory: C:\Users\johnm\OneDrive\Documents\goblin-ball\goblinball
2025-04-03 11:55:54,648 - goblinball - INFO - Sys path: ['C:\\Users\\johnm\\OneDrive\\Documents\\goblin-ball\\goblinball', 'C:\\Users\\johnm\\AppData\\Local\\Programs\\Python\\Python313\\python313.zip', 'C:\\Users\\johnm\\AppData\\Local\\Programs\\Python\\Python313\\DLLs', 'C:\\Users\\johnm\\AppData\\Local\\Programs\\Python\\Python313\\Lib', 'C:\\Users\\johnm\\AppData\\Local\\Programs\\Python\\Python313', 'C:\\Users\\johnm\\AppData\\Local\\Programs\\Python\\Python313\\Lib\\site-packages']
2025-04-03 11:55:54,648 - goblinball - INFO - ==================================================
2025-04-03 11:55:54,655 - goblinball - INFO - All required modules validated successfully
2025-04-03 11:55:54,656 - goblinball - INFO - Starting Goblinball
2025-04-03 11:55:54,656 - goblinball - INFO - Running from directory: C:\Users\johnm\OneDrive\Documents\goblin-ball\goblinball
2025-04-03 11:55:54,675 - goblinball.controller - INFO - Selected carrier: Snotchewer from team Mudcrushers
2025-04-03 11:55:54,675 - goblinball.controller - INFO - ===== Starting Play 1 =====
2025-04-03 11:55:54,675 - goblinball.controller - INFO - Selected carrier: Gnogtooth Broken from team Mudcrushers
2025-04-03 11:55:55,807 - goblinball.controller - INFO - ==== Processing Turn 1 ====
2025-04-03 11:55:55,807 - goblinball.controller - INFO - Offense Team: Mudcrushers, Defense Team: Skullsmashers
2025-04-03 11:55:55,807 - goblinball.controller - INFO - Attempting to move carrier Gnogtooth Broken
2025-04-03 11:55:55,811 - goblinball.controller - INFO - Moving offensive blockers for team Mudcrushers
2025-04-03 11:55:55,813 - goblinball.controller - INFO - Moving defensive blockers for team Skullsmashers
2025-04-03 11:55:56,391 - goblinball.controller - INFO - ==== Processing Turn 2 ====
2025-04-03 11:55:56,391 - goblinball.controller - INFO - Offense Team: Mudcrushers, Defense Team: Skullsmashers
2025-04-03 11:55:56,391 - goblinball.controller - INFO - Attempting to move carrier Gnogtooth Broken
2025-04-03 11:55:56,392 - goblinball.controller - INFO - Moving offensive blockers for team Mudcrushers
2025-04-03 11:55:56,393 - goblinball.controller - INFO - Moving defensive blockers for team Skullsmashers
2025-04-03 11:55:57,126 - goblinball.controller - INFO - ==== Processing Turn 3 ====
2025-04-03 11:55:57,126 - goblinball.controller - INFO - Offense Team: Mudcrushers, Defense Team: Skullsmashers
2025-04-03 11:55:57,126 - goblinball.controller - INFO - Attempting to move carrier Gnogtooth Broken
2025-04-03 11:55:57,127 - goblinball.controller - INFO - Moving offensive blockers for team Mudcrushers
2025-04-03 11:55:57,127 - goblinball.controller - INFO - Moving defensive blockers for team Skullsmashers
2025-04-03 11:55:58,214 - goblinball.controller - INFO - ==== Processing Turn 4 ====
2025-04-03 11:55:58,214 - goblinball.controller - INFO - Offense Team: Mudcrushers, Defense Team: Skullsmashers
2025-04-03 11:55:58,215 - goblinball.controller - INFO - Attempting to move carrier Gnogtooth Broken
2025-04-03 11:55:58,215 - goblinball.controller - INFO - Moving offensive blockers for team Mudcrushers
2025-04-03 11:55:58,215 - goblinball.controller - INFO - Moving defensive blockers for team Skullsmashers
2025-04-03 11:55:58,859 - goblinball.controller - INFO - ==== Processing Turn 5 ====
2025-04-03 11:55:58,859 - goblinball.controller - INFO - Offense Team: Mudcrushers, Defense Team: Skullsmashers
2025-04-03 11:55:58,859 - goblinball.controller - INFO - Attempting to move carrier Gnogtooth Broken
2025-04-03 11:55:58,859 - goblinball.controller - INFO - Moving offensive blockers for team Mudcrushers
2025-04-03 11:55:58,860 - goblinball.controller - INFO - Moving defensive blockers for team Skullsmashers
2025-04-03 11:56:01,689 - goblinball.controller - INFO - ==== Processing Turn 6 ====
2025-04-03 11:56:01,689 - goblinball.controller - INFO - Offense Team: Mudcrushers, Defense Team: Skullsmashers
2025-04-03 11:56:01,689 - goblinball.controller - INFO - Attempting to move carrier Gnogtooth Broken
2025-04-03 11:56:01,690 - goblinball.controller - INFO - ===== Ending Play 1 after 6 turns =====
2025-04-03 11:56:01,690 - goblinball.controller - INFO - Score: Mudcrushers 3 - 0 Skullsmashers
2025-04-03 11:56:01,690 - goblinball.controller - INFO - ===== Ending Play 1 after 6 turns =====
2025-04-03 11:56:01,690 - goblinball.controller - INFO - Score: Mudcrushers 6 - 0 Skullsmashers
2025-04-03 11:56:01,690 - goblinball.controller - INFO - Carrier Gnogtooth Broken scored! Ending play.
2025-04-03 11:56:01,690 - goblinball.controller - INFO - ===== Ending Play 1 after 6 turns =====
2025-04-03 11:56:01,690 - goblinball.controller - INFO - Score: Mudcrushers 6 - 0 Skullsmashers
2025-04-03 11:56:02,981 - goblinball - INFO - Goblinball ended
