2025-04-03 01:30:00,194 - goblinball - INFO - ==================================================
2025-04-03 01:30:00,194 - goblinball - INFO - Starting Goblinball
2025-04-03 01:30:00,194 - goblinball - INFO - Python version: 3.13.2 (tags/v3.13.2:4f8bb39, Feb  4 2025, 15:23:48) [MSC v.1942 64 bit (AMD64)]
2025-04-03 01:30:00,194 - goblinball - INFO - Current working directory: C:\Users\johnm\OneDrive\Documents\goblin-ball\goblinball
2025-04-03 01:30:00,194 - goblinball - INFO - Sys path: ['C:\\Users\\johnm\\OneDrive\\Documents\\goblin-ball\\goblinball', 'C:\\Users\\johnm\\OneDrive\\Documents\\goblin-ball', 'C:\\Users\\johnm\\AppData\\Local\\Programs\\Python\\Python313\\python313.zip', 'C:\\Users\\johnm\\AppData\\Local\\Programs\\Python\\Python313\\DLLs', 'C:\\Users\\johnm\\AppData\\Local\\Programs\\Python\\Python313\\Lib', 'C:\\Users\\johnm\\AppData\\Local\\Programs\\Python\\Python313', 'C:\\Users\\johnm\\AppData\\Local\\Programs\\Python\\Python313\\Lib\\site-packages']
2025-04-03 01:30:00,194 - goblinball - INFO - ==================================================
2025-04-03 01:30:00,202 - goblinball - INFO - All required modules validated successfully
2025-04-03 01:30:00,202 - goblinball - INFO - Starting Goblinball
2025-04-03 01:30:00,202 - goblinball - INFO - Running from directory: C:\Users\johnm\OneDrive\Documents\goblin-ball\goblinball
2025-04-03 01:30:00,221 - goblinball.controller - INFO - Selected carrier: Krakchomper from team Mudcrushers
2025-04-03 01:30:00,221 - goblinball.controller - INFO - ===== Starting Play 1 =====
2025-04-03 01:30:00,222 - goblinball.controller - INFO - Selected carrier: Snotface from team Mudcrushers
2025-04-03 01:30:01,914 - goblinball.controller - INFO - ==== Processing Turn 1 ====
2025-04-03 01:30:01,915 - goblinball.controller - INFO - Offense Team: Mudcrushers, Defense Team: Skullsmashers
2025-04-03 01:30:01,915 - goblinball.controller - INFO - Attempting to move carrier Snotface
2025-04-03 01:30:01,916 - goblinball.controller - INFO - Moving offensive blockers for team Mudcrushers
2025-04-03 01:30:01,917 - goblinball.controller - INFO - Moving defensive blockers for team Skullsmashers
2025-04-03 01:30:02,735 - goblinball.controller - INFO - ==== Processing Turn 2 ====
2025-04-03 01:30:02,735 - goblinball.controller - INFO - Offense Team: Mudcrushers, Defense Team: Skullsmashers
2025-04-03 01:30:02,735 - goblinball.controller - INFO - Attempting to move carrier Snotface
2025-04-03 01:30:02,736 - goblinball.controller - INFO - Moving offensive blockers for team Mudcrushers
2025-04-03 01:30:02,736 - goblinball.controller - INFO - Moving defensive blockers for team Skullsmashers
2025-04-03 01:30:19,934 - goblinball.controller - INFO - ==== Processing Turn 3 ====
2025-04-03 01:30:19,934 - goblinball.controller - INFO - Offense Team: Mudcrushers, Defense Team: Skullsmashers
2025-04-03 01:30:19,934 - goblinball.controller - INFO - Attempting to move carrier Snotface
2025-04-03 01:30:19,934 - goblinball.controller - INFO - Moving offensive blockers for team Mudcrushers
2025-04-03 01:30:19,935 - goblinball.controller - INFO - Moving defensive blockers for team Skullsmashers
2025-04-03 01:30:35,512 - goblinball.controller - INFO - ==== Processing Turn 4 ====
2025-04-03 01:30:35,512 - goblinball.controller - INFO - Offense Team: Mudcrushers, Defense Team: Skullsmashers
2025-04-03 01:30:35,512 - goblinball.controller - INFO - Attempting to move carrier Snotface
2025-04-03 01:30:35,512 - goblinball.controller - INFO - Moving offensive blockers for team Mudcrushers
2025-04-03 01:30:35,513 - goblinball.controller - INFO - Moving defensive blockers for team Skullsmashers
2025-04-03 01:30:36,364 - goblinball.controller - INFO - ==== Processing Turn 5 ====
2025-04-03 01:30:36,365 - goblinball.controller - INFO - Offense Team: Mudcrushers, Defense Team: Skullsmashers
2025-04-03 01:30:36,365 - goblinball.controller - INFO - Attempting to move carrier Snotface
2025-04-03 01:30:36,365 - goblinball.controller - INFO - Moving offensive blockers for team Mudcrushers
2025-04-03 01:30:36,365 - goblinball.controller - INFO - Moving defensive blockers for team Skullsmashers
2025-04-03 01:30:37,777 - goblinball.controller - INFO - ==== Processing Turn 6 ====
2025-04-03 01:30:37,777 - goblinball.controller - INFO - Offense Team: Mudcrushers, Defense Team: Skullsmashers
2025-04-03 01:30:37,777 - goblinball.controller - INFO - Attempting to move carrier Snotface
2025-04-03 01:30:37,777 - goblinball.controller - INFO - Moving offensive blockers for team Mudcrushers
2025-04-03 01:30:37,778 - goblinball.controller - INFO - Moving defensive blockers for team Skullsmashers
2025-04-03 01:30:45,057 - goblinball.controller - INFO - ==== Processing Turn 7 ====
2025-04-03 01:30:45,057 - goblinball.controller - INFO - Offense Team: Mudcrushers, Defense Team: Skullsmashers
2025-04-03 01:30:45,057 - goblinball.controller - INFO - Attempting to move carrier Snotface
2025-04-03 01:30:45,057 - goblinball.controller - INFO - Moving offensive blockers for team Mudcrushers
2025-04-03 01:30:45,058 - goblinball.controller - INFO - Moving defensive blockers for team Skullsmashers
2025-04-03 01:30:45,534 - goblinball.controller - INFO - ==== Processing Turn 8 ====
2025-04-03 01:30:45,534 - goblinball.controller - INFO - Offense Team: Mudcrushers, Defense Team: Skullsmashers
2025-04-03 01:30:45,534 - goblinball.controller - INFO - Attempting to move carrier Snotface
2025-04-03 01:30:45,534 - goblinball.controller - INFO - Moving offensive blockers for team Mudcrushers
2025-04-03 01:30:45,535 - goblinball.controller - INFO - Moving defensive blockers for team Skullsmashers
2025-04-03 01:30:45,976 - goblinball.controller - INFO - ==== Processing Turn 9 ====
2025-04-03 01:30:45,976 - goblinball.controller - INFO - Offense Team: Mudcrushers, Defense Team: Skullsmashers
2025-04-03 01:30:45,976 - goblinball.controller - INFO - Attempting to move carrier Snotface
2025-04-03 01:30:45,977 - goblinball.controller - INFO - Moving offensive blockers for team Mudcrushers
2025-04-03 01:30:45,977 - goblinball.controller - INFO - Moving defensive blockers for team Skullsmashers
2025-04-03 01:30:46,370 - goblinball.controller - INFO - ==== Processing Turn 10 ====
2025-04-03 01:30:46,370 - goblinball.controller - INFO - Offense Team: Mudcrushers, Defense Team: Skullsmashers
2025-04-03 01:30:46,370 - goblinball.controller - INFO - Attempting to move carrier Snotface
2025-04-03 01:30:46,370 - goblinball.controller - INFO - ===== Ending Play 1 after 10 turns =====
2025-04-03 01:30:46,370 - goblinball.controller - INFO - Score: Mudcrushers 3 - 0 Skullsmashers
2025-04-03 01:30:46,371 - goblinball.controller - INFO - ===== Ending Play 1 after 10 turns =====
2025-04-03 01:30:46,371 - goblinball.controller - INFO - Score: Mudcrushers 6 - 0 Skullsmashers
2025-04-03 01:30:46,371 - goblinball.controller - INFO - Carrier Snotface scored! Ending play.
2025-04-03 01:30:46,371 - goblinball.controller - INFO - ===== Ending Play 1 after 10 turns =====
2025-04-03 01:30:46,371 - goblinball.controller - INFO - Score: Mudcrushers 6 - 0 Skullsmashers
