2025-04-03 11:34:39,739 - goblinball - INFO - ==================================================
2025-04-03 11:34:39,740 - goblinball - INFO - Starting Goblinball
2025-04-03 11:34:39,740 - goblinball - INFO - Python version: 3.13.2 (tags/v3.13.2:4f8bb39, Feb  4 2025, 15:23:48) [MSC v.1942 64 bit (AMD64)]
2025-04-03 11:34:39,740 - goblinball - INFO - Current working directory: C:\Users\johnm\OneDrive\Documents\goblin-ball\goblinball
2025-04-03 11:34:39,740 - goblinball - INFO - Sys path: ['C:\\Users\\johnm\\OneDrive\\Documents\\goblin-ball\\goblinball', 'C:\\Users\\johnm\\AppData\\Local\\Programs\\Python\\Python313\\python313.zip', 'C:\\Users\\johnm\\AppData\\Local\\Programs\\Python\\Python313\\DLLs', 'C:\\Users\\johnm\\AppData\\Local\\Programs\\Python\\Python313\\Lib', 'C:\\Users\\johnm\\AppData\\Local\\Programs\\Python\\Python313', 'C:\\Users\\johnm\\AppData\\Local\\Programs\\Python\\Python313\\Lib\\site-packages']
2025-04-03 11:34:39,740 - goblinball - INFO - ==================================================
2025-04-03 11:34:39,747 - goblinball - INFO - All required modules validated successfully
2025-04-03 11:34:39,747 - goblinball - INFO - Starting Goblinball
2025-04-03 11:34:39,747 - goblinball - INFO - Running from directory: C:\Users\johnm\OneDrive\Documents\goblin-ball\goblinball
2025-04-03 11:34:39,766 - goblinball.controller - INFO - Selected carrier: Grubsmasher Strongarm from team Mudcrushers
2025-04-03 11:34:39,767 - goblinball.controller - INFO - ===== Starting Play 1 =====
2025-04-03 11:34:39,767 - goblinball.controller - INFO - Selected carrier: Fizzchewer Zigmal from team Mudcrushers
2025-04-03 11:34:41,177 - goblinball.controller - INFO - ==== Processing Turn 1 ====
2025-04-03 11:34:41,177 - goblinball.controller - INFO - Offense Team: Mudcrushers, Defense Team: Skullsmashers
2025-04-03 11:34:41,177 - goblinball.controller - INFO - Attempting to move carrier Fizzchewer Zigmal
2025-04-03 11:34:41,180 - goblinball.controller - INFO - Moving offensive blockers for team Mudcrushers
2025-04-03 11:34:41,182 - goblinball.controller - INFO - Moving defensive blockers for team Skullsmashers
2025-04-03 11:34:41,791 - goblinball.controller - INFO - ==== Processing Turn 2 ====
2025-04-03 11:34:41,791 - goblinball.controller - INFO - Offense Team: Mudcrushers, Defense Team: Skullsmashers
2025-04-03 11:34:41,791 - goblinball.controller - INFO - Attempting to move carrier Fizzchewer Zigmal
2025-04-03 11:34:41,791 - goblinball.controller - INFO - Moving offensive blockers for team Mudcrushers
2025-04-03 11:34:41,792 - goblinball.controller - INFO - Moving defensive blockers for team Skullsmashers
2025-04-03 11:34:43,553 - goblinball.controller - INFO - ==== Processing Turn 3 ====
2025-04-03 11:34:43,553 - goblinball.controller - INFO - Offense Team: Mudcrushers, Defense Team: Skullsmashers
2025-04-03 11:34:43,553 - goblinball.controller - INFO - Attempting to move carrier Fizzchewer Zigmal
2025-04-03 11:34:43,553 - goblinball.controller - INFO - Moving offensive blockers for team Mudcrushers
2025-04-03 11:34:43,554 - goblinball.controller - INFO - Moving defensive blockers for team Skullsmashers
2025-04-03 11:34:45,730 - goblinball.controller - INFO - ==== Processing Turn 4 ====
2025-04-03 11:34:45,730 - goblinball.controller - INFO - Offense Team: Mudcrushers, Defense Team: Skullsmashers
2025-04-03 11:34:45,730 - goblinball.controller - INFO - Attempting to move carrier Fizzchewer Zigmal
2025-04-03 11:34:45,731 - goblinball.controller - INFO - Moving offensive blockers for team Mudcrushers
2025-04-03 11:34:45,731 - goblinball.controller - INFO - Moving defensive blockers for team Skullsmashers
2025-04-03 11:34:47,028 - goblinball.controller - INFO - ==== Processing Turn 5 ====
2025-04-03 11:34:47,028 - goblinball.controller - INFO - Offense Team: Mudcrushers, Defense Team: Skullsmashers
2025-04-03 11:34:47,028 - goblinball.controller - INFO - Attempting to move carrier Fizzchewer Zigmal
2025-04-03 11:34:47,029 - goblinball.controller - INFO - ===== Ending Play 1 after 5 turns =====
2025-04-03 11:34:47,029 - goblinball.controller - INFO - Score: Mudcrushers 3 - 0 Skullsmashers
2025-04-03 11:34:47,029 - goblinball.controller - INFO - ===== Ending Play 1 after 5 turns =====
2025-04-03 11:34:47,029 - goblinball.controller - INFO - Score: Mudcrushers 6 - 0 Skullsmashers
2025-04-03 11:34:47,029 - goblinball.controller - INFO - Carrier Fizzchewer Zigmal scored! Ending play.
2025-04-03 11:34:47,029 - goblinball.controller - INFO - ===== Ending Play 1 after 5 turns =====
2025-04-03 11:34:47,029 - goblinball.controller - INFO - Score: Mudcrushers 6 - 0 Skullsmashers
2025-04-03 11:34:49,008 - goblinball - INFO - Goblinball ended
