2025-04-03 00:14:58,724 - goblinball - INFO - ==================================================
2025-04-03 00:14:58,724 - goblinball - INFO - Starting Goblinball
2025-04-03 00:14:58,724 - goblinball - INFO - Python version: 3.13.2 (tags/v3.13.2:4f8bb39, Feb  4 2025, 15:23:48) [MSC v.1942 64 bit (AMD64)]
2025-04-03 00:14:58,724 - goblinball - INFO - Current working directory: C:\Users\johnm\OneDrive\Documents\goblin-ball\goblinball
2025-04-03 00:14:58,724 - goblinball - INFO - Sys path: ['C:\\Users\\johnm\\OneDrive\\Documents\\goblin-ball\\goblinball', 'C:\\Users\\johnm\\OneDrive\\Documents\\goblin-ball', 'C:\\Users\\johnm\\AppData\\Local\\Programs\\Python\\Python313\\python313.zip', 'C:\\Users\\johnm\\AppData\\Local\\Programs\\Python\\Python313\\DLLs', 'C:\\Users\\johnm\\AppData\\Local\\Programs\\Python\\Python313\\Lib', 'C:\\Users\\johnm\\AppData\\Local\\Programs\\Python\\Python313', 'C:\\Users\\johnm\\AppData\\Local\\Programs\\Python\\Python313\\Lib\\site-packages']
2025-04-03 00:14:58,725 - goblinball - INFO - ==================================================
2025-04-03 00:14:58,735 - goblinball - INFO - All required modules validated successfully
2025-04-03 00:14:58,735 - goblinball - INFO - Starting Goblinball
2025-04-03 00:14:58,735 - goblinball - INFO - Running from directory: C:\Users\johnm\OneDrive\Documents\goblin-ball\goblinball
2025-04-03 00:14:58,754 - goblinball.controller - INFO - Selected carrier: Krakstomper Christol from team Mudcrushers
2025-04-03 00:14:58,754 - goblinball.controller - INFO - ===== Starting Play 1 =====
2025-04-03 00:14:58,755 - goblinball.controller - INFO - Selected carrier: Gutfist from team Mudcrushers
2025-04-03 00:15:00,255 - goblinball.controller - INFO - ==== Processing Turn 1 ====
2025-04-03 00:15:00,255 - goblinball.controller - INFO - Offense Team: Mudcrushers, Defense Team: Skullsmashers
2025-04-03 00:15:00,255 - goblinball.controller - INFO - Attempting to move carrier Gutfist
2025-04-03 00:15:00,255 - goblinball.controller - INFO - Moving offensive blockers for team Mudcrushers
2025-04-03 00:15:00,256 - goblinball.controller - INFO - Moving defensive blockers for team Skullsmashers
2025-04-03 00:15:00,817 - goblinball.controller - INFO - ==== Processing Turn 2 ====
2025-04-03 00:15:00,817 - goblinball.controller - INFO - Offense Team: Mudcrushers, Defense Team: Skullsmashers
2025-04-03 00:15:00,817 - goblinball.controller - INFO - Attempting to move carrier Gutfist
2025-04-03 00:15:00,818 - goblinball.controller - INFO - Moving offensive blockers for team Mudcrushers
2025-04-03 00:15:00,818 - goblinball.controller - INFO - Moving defensive blockers for team Skullsmashers
2025-04-03 00:15:01,914 - goblinball.controller - INFO - ==== Processing Turn 3 ====
2025-04-03 00:15:01,914 - goblinball.controller - INFO - Offense Team: Mudcrushers, Defense Team: Skullsmashers
2025-04-03 00:15:01,914 - goblinball.controller - INFO - Attempting to move carrier Gutfist
2025-04-03 00:15:01,914 - goblinball.controller - INFO - Moving offensive blockers for team Mudcrushers
2025-04-03 00:15:01,915 - goblinball.controller - INFO - Moving defensive blockers for team Skullsmashers
2025-04-03 00:15:02,658 - goblinball.controller - INFO - ==== Processing Turn 4 ====
2025-04-03 00:15:02,658 - goblinball.controller - INFO - Offense Team: Mudcrushers, Defense Team: Skullsmashers
2025-04-03 00:15:02,658 - goblinball.controller - INFO - Attempting to move carrier Gutfist
2025-04-03 00:15:02,658 - goblinball.controller - INFO - Moving offensive blockers for team Mudcrushers
2025-04-03 00:15:02,659 - goblinball.controller - INFO - Moving defensive blockers for team Skullsmashers
2025-04-03 00:15:02,659 - goblinball.controller - INFO - ===== Ending Play 1 after 4 turns =====
2025-04-03 00:15:02,659 - goblinball.controller - INFO - Score: Mudcrushers 0 - 0 Skullsmashers
2025-04-03 00:15:05,985 - goblinball - INFO - Goblinball ended
