2025-04-03 15:46:34,781 - goblinball - INFO - ==================================================
2025-04-03 15:46:34,782 - goblinball - INFO - Starting Goblinball
2025-04-03 15:46:34,782 - goblinball - INFO - Python version: 3.13.2 (tags/v3.13.2:4f8bb39, Feb  4 2025, 15:23:48) [MSC v.1942 64 bit (AMD64)]
2025-04-03 15:46:34,782 - goblinball - INFO - Current working directory: C:\Users\johnm\OneDrive\Documents\goblin-ball\goblinball
2025-04-03 15:46:34,782 - goblinball - INFO - Sys path: ['C:\\Users\\johnm\\OneDrive\\Documents\\goblin-ball\\goblinball', 'C:\\Users\\johnm\\AppData\\Local\\Programs\\Python\\Python313\\python313.zip', 'C:\\Users\\johnm\\AppData\\Local\\Programs\\Python\\Python313\\DLLs', 'C:\\Users\\johnm\\AppData\\Local\\Programs\\Python\\Python313\\Lib', 'C:\\Users\\johnm\\AppData\\Local\\Programs\\Python\\Python313', 'C:\\Users\\johnm\\AppData\\Local\\Programs\\Python\\Python313\\Lib\\site-packages']
2025-04-03 15:46:34,782 - goblinball - INFO - ==================================================
2025-04-03 15:46:34,789 - goblinball - INFO - All required modules validated successfully
2025-04-03 15:46:34,789 - goblinball - INFO - Starting Goblinball
2025-04-03 15:46:34,789 - goblinball - INFO - Running from directory: C:\Users\johnm\OneDrive\Documents\goblin-ball\goblinball
2025-04-03 15:46:34,808 - goblinball.controller - INFO - Selected carrier: Gutfist from team Mudcrushers
2025-04-03 15:46:34,808 - goblinball.controller - INFO - ===== Starting Play 1 =====
2025-04-03 15:46:34,809 - goblinball.controller - INFO - Selected carrier: Bludsquisher  from team Mudcrushers
2025-04-03 15:46:36,131 - goblinball.controller - INFO - ==== Processing Turn 1 ====
2025-04-03 15:46:36,131 - goblinball.controller - INFO - Offense Team: Mudcrushers, Defense Team: Skullsmashers
2025-04-03 15:46:36,132 - goblinball.controller - INFO - Attempting to move carrier Bludsquisher 
2025-04-03 15:46:36,134 - goblinball.controller - INFO - Moving offensive blockers for team Mudcrushers
2025-04-03 15:46:36,136 - goblinball.controller - INFO - Moving defensive blockers for team Skullsmashers
2025-04-03 15:46:36,965 - goblinball.controller - INFO - ==== Processing Turn 2 ====
2025-04-03 15:46:36,965 - goblinball.controller - INFO - Offense Team: Mudcrushers, Defense Team: Skullsmashers
2025-04-03 15:46:36,965 - goblinball.controller - INFO - Attempting to move carrier Bludsquisher 
2025-04-03 15:46:36,966 - goblinball.controller - INFO - Moving offensive blockers for team Mudcrushers
2025-04-03 15:46:36,967 - goblinball.controller - INFO - Moving defensive blockers for team Skullsmashers
2025-04-03 15:47:00,545 - goblinball.controller - INFO - ==== Processing Turn 3 ====
2025-04-03 15:47:00,545 - goblinball.controller - INFO - Offense Team: Mudcrushers, Defense Team: Skullsmashers
2025-04-03 15:47:00,545 - goblinball.controller - INFO - Attempting to move carrier Bludsquisher 
2025-04-03 15:47:00,545 - goblinball.controller - INFO - Moving offensive blockers for team Mudcrushers
2025-04-03 15:47:00,546 - goblinball.controller - INFO - Moving defensive blockers for team Skullsmashers
2025-04-03 15:47:32,737 - goblinball.controller - INFO - ==== Processing Turn 4 ====
2025-04-03 15:47:32,737 - goblinball.controller - INFO - Offense Team: Mudcrushers, Defense Team: Skullsmashers
2025-04-03 15:47:32,737 - goblinball.controller - INFO - Attempting to move carrier Bludsquisher 
2025-04-03 15:47:32,738 - goblinball.controller - INFO - Moving offensive blockers for team Mudcrushers
2025-04-03 15:47:32,738 - goblinball.controller - INFO - Moving defensive blockers for team Skullsmashers
2025-04-03 15:47:33,306 - goblinball.controller - INFO - ==== Processing Turn 5 ====
2025-04-03 15:47:33,307 - goblinball.controller - INFO - Offense Team: Mudcrushers, Defense Team: Skullsmashers
2025-04-03 15:47:33,307 - goblinball.controller - INFO - Attempting to move carrier Bludsquisher 
2025-04-03 15:47:33,307 - goblinball.controller - INFO - Moving offensive blockers for team Mudcrushers
2025-04-03 15:47:33,307 - goblinball.controller - INFO - Moving defensive blockers for team Skullsmashers
2025-04-03 15:47:33,755 - goblinball.controller - INFO - ==== Processing Turn 6 ====
2025-04-03 15:47:33,755 - goblinball.controller - INFO - Offense Team: Mudcrushers, Defense Team: Skullsmashers
2025-04-03 15:47:33,755 - goblinball.controller - INFO - Attempting to move carrier Bludsquisher 
2025-04-03 15:47:33,755 - goblinball.controller - INFO - Moving offensive blockers for team Mudcrushers
2025-04-03 15:47:33,756 - goblinball.controller - INFO - Moving defensive blockers for team Skullsmashers
2025-04-03 15:47:34,160 - goblinball.controller - INFO - ==== Processing Turn 7 ====
2025-04-03 15:47:34,161 - goblinball.controller - INFO - Offense Team: Mudcrushers, Defense Team: Skullsmashers
2025-04-03 15:47:34,161 - goblinball.controller - INFO - Attempting to move carrier Bludsquisher 
2025-04-03 15:47:34,161 - goblinball.controller - INFO - Moving offensive blockers for team Mudcrushers
2025-04-03 15:47:34,161 - goblinball.controller - INFO - Moving defensive blockers for team Skullsmashers
2025-04-03 15:47:34,161 - goblinball.controller - INFO - ===== Ending Play 1 after 7 turns =====
2025-04-03 15:47:34,162 - goblinball.controller - INFO - Score: Mudcrushers 0 - 0 Skullsmashers
2025-04-03 16:59:46,471 - goblinball - INFO - Goblinball ended
