2025-04-03 00:10:37,779 - goblinball - INFO - ==================================================
2025-04-03 00:10:37,779 - goblinball - INFO - Starting Goblinball
2025-04-03 00:10:37,779 - goblinball - INFO - Python version: 3.13.2 (tags/v3.13.2:4f8bb39, Feb  4 2025, 15:23:48) [MSC v.1942 64 bit (AMD64)]
2025-04-03 00:10:37,779 - goblinball - INFO - Current working directory: C:\Users\johnm\OneDrive\Documents\goblin-ball\goblinball
2025-04-03 00:10:37,779 - goblinball - INFO - Sys path: ['C:\\Users\\johnm\\OneDrive\\Documents\\goblin-ball\\goblinball', 'C:\\Users\\johnm\\OneDrive\\Documents\\goblin-ball', 'C:\\Users\\johnm\\AppData\\Local\\Programs\\Python\\Python313\\python313.zip', 'C:\\Users\\johnm\\AppData\\Local\\Programs\\Python\\Python313\\DLLs', 'C:\\Users\\johnm\\AppData\\Local\\Programs\\Python\\Python313\\Lib', 'C:\\Users\\johnm\\AppData\\Local\\Programs\\Python\\Python313', 'C:\\Users\\johnm\\AppData\\Local\\Programs\\Python\\Python313\\Lib\\site-packages']
2025-04-03 00:10:37,779 - goblinball - INFO - ==================================================
2025-04-03 00:10:37,786 - goblinball - INFO - All required modules validated successfully
2025-04-03 00:10:37,787 - goblinball - INFO - Starting Goblinball
2025-04-03 00:10:37,787 - goblinball - INFO - Running from directory: C:\Users\johnm\OneDrive\Documents\goblin-ball\goblinball
2025-04-03 00:10:37,806 - goblinball.controller - INFO - Selected carrier: Snotslicer from team Mudcrushers
2025-04-03 00:10:37,806 - goblinball.controller - INFO - ===== Starting Play 1 =====
2025-04-03 00:10:37,806 - goblinball.controller - INFO - Selected carrier: Stabfist Sarmacid from team Mudcrushers
2025-04-03 00:10:45,104 - goblinball.controller - INFO - ==== Processing Turn 1 ====
2025-04-03 00:10:45,104 - goblinball.controller - INFO - Offense Team: Mudcrushers, Defense Team: Skullsmashers
2025-04-03 00:10:45,104 - goblinball.controller - INFO - Attempting to move carrier Stabfist Sarmacid
2025-04-03 00:10:45,104 - goblinball.controller - INFO - Moving offensive blockers for team Mudcrushers
2025-04-03 00:10:45,107 - goblinball.controller - INFO - Moving defensive blockers for team Skullsmashers
2025-04-03 00:10:46,566 - goblinball.controller - INFO - ==== Processing Turn 2 ====
2025-04-03 00:10:46,567 - goblinball.controller - INFO - Offense Team: Mudcrushers, Defense Team: Skullsmashers
2025-04-03 00:10:46,567 - goblinball.controller - INFO - Attempting to move carrier Stabfist Sarmacid
2025-04-03 00:10:46,567 - goblinball.controller - INFO - Moving offensive blockers for team Mudcrushers
2025-04-03 00:10:46,567 - goblinball.controller - INFO - Moving defensive blockers for team Skullsmashers
2025-04-03 00:10:47,982 - goblinball.controller - INFO - ==== Processing Turn 3 ====
2025-04-03 00:10:47,983 - goblinball.controller - INFO - Offense Team: Mudcrushers, Defense Team: Skullsmashers
2025-04-03 00:10:47,983 - goblinball.controller - INFO - Attempting to move carrier Stabfist Sarmacid
2025-04-03 00:10:47,983 - goblinball.controller - INFO - Moving offensive blockers for team Mudcrushers
2025-04-03 00:10:47,984 - goblinball.controller - INFO - Moving defensive blockers for team Skullsmashers
2025-04-03 00:10:49,627 - goblinball.controller - INFO - ==== Processing Turn 4 ====
2025-04-03 00:10:49,628 - goblinball.controller - INFO - Offense Team: Mudcrushers, Defense Team: Skullsmashers
2025-04-03 00:10:49,628 - goblinball.controller - INFO - Attempting to move carrier Stabfist Sarmacid
2025-04-03 00:10:49,628 - goblinball.controller - INFO - Moving offensive blockers for team Mudcrushers
2025-04-03 00:10:49,628 - goblinball.controller - INFO - Moving defensive blockers for team Skullsmashers
2025-04-03 00:10:50,799 - goblinball.controller - INFO - ==== Processing Turn 5 ====
2025-04-03 00:10:50,799 - goblinball.controller - INFO - Offense Team: Mudcrushers, Defense Team: Skullsmashers
2025-04-03 00:10:50,799 - goblinball.controller - INFO - Attempting to move carrier Stabfist Sarmacid
2025-04-03 00:10:50,799 - goblinball.controller - INFO - Moving offensive blockers for team Mudcrushers
2025-04-03 00:10:50,799 - goblinball.controller - INFO - Moving defensive blockers for team Skullsmashers
2025-04-03 00:10:55,547 - goblinball.controller - INFO - ==== Processing Turn 6 ====
2025-04-03 00:10:55,547 - goblinball.controller - INFO - Offense Team: Mudcrushers, Defense Team: Skullsmashers
2025-04-03 00:10:55,547 - goblinball.controller - INFO - Attempting to move carrier Stabfist Sarmacid
2025-04-03 00:10:55,547 - goblinball.controller - INFO - Moving offensive blockers for team Mudcrushers
2025-04-03 00:10:55,548 - goblinball.controller - INFO - Moving defensive blockers for team Skullsmashers
2025-04-03 00:10:56,536 - goblinball.controller - INFO - ==== Processing Turn 7 ====
2025-04-03 00:10:56,536 - goblinball.controller - INFO - Offense Team: Mudcrushers, Defense Team: Skullsmashers
2025-04-03 00:10:56,537 - goblinball.controller - INFO - Attempting to move carrier Stabfist Sarmacid
2025-04-03 00:10:56,537 - goblinball.controller - INFO - Moving offensive blockers for team Mudcrushers
2025-04-03 00:10:56,537 - goblinball.controller - INFO - Moving defensive blockers for team Skullsmashers
2025-04-03 00:10:57,130 - goblinball.controller - INFO - ==== Processing Turn 8 ====
2025-04-03 00:10:57,130 - goblinball.controller - INFO - Offense Team: Mudcrushers, Defense Team: Skullsmashers
2025-04-03 00:10:57,130 - goblinball.controller - INFO - Attempting to move carrier Stabfist Sarmacid
2025-04-03 00:10:57,131 - goblinball.controller - INFO - Moving offensive blockers for team Mudcrushers
2025-04-03 00:10:57,131 - goblinball.controller - INFO - Moving defensive blockers for team Skullsmashers
2025-04-03 00:10:57,711 - goblinball.controller - INFO - ==== Processing Turn 9 ====
2025-04-03 00:10:57,712 - goblinball.controller - INFO - Offense Team: Mudcrushers, Defense Team: Skullsmashers
2025-04-03 00:10:57,712 - goblinball.controller - INFO - Attempting to move carrier Stabfist Sarmacid
2025-04-03 00:10:57,712 - goblinball.controller - INFO - Moving offensive blockers for team Mudcrushers
2025-04-03 00:10:57,712 - goblinball.controller - INFO - Moving defensive blockers for team Skullsmashers
2025-04-03 00:10:58,259 - goblinball.controller - INFO - ==== Processing Turn 10 ====
2025-04-03 00:10:58,259 - goblinball.controller - INFO - Offense Team: Mudcrushers, Defense Team: Skullsmashers
2025-04-03 00:10:58,259 - goblinball.controller - INFO - Attempting to move carrier Stabfist Sarmacid
2025-04-03 00:10:58,259 - goblinball.controller - INFO - Moving offensive blockers for team Mudcrushers
2025-04-03 00:10:58,260 - goblinball.controller - INFO - Moving defensive blockers for team Skullsmashers
2025-04-03 00:10:58,770 - goblinball.controller - INFO - ==== Processing Turn 11 ====
2025-04-03 00:10:58,770 - goblinball.controller - INFO - Offense Team: Mudcrushers, Defense Team: Skullsmashers
2025-04-03 00:10:58,770 - goblinball.controller - INFO - Attempting to move carrier Stabfist Sarmacid
2025-04-03 00:10:58,770 - goblinball.controller - INFO - Moving offensive blockers for team Mudcrushers
2025-04-03 00:10:58,771 - goblinball.controller - INFO - Moving defensive blockers for team Skullsmashers
2025-04-03 00:10:59,281 - goblinball.controller - INFO - ==== Processing Turn 12 ====
2025-04-03 00:10:59,281 - goblinball.controller - INFO - Offense Team: Mudcrushers, Defense Team: Skullsmashers
2025-04-03 00:10:59,282 - goblinball.controller - INFO - Attempting to move carrier Stabfist Sarmacid
2025-04-03 00:10:59,282 - goblinball.controller - INFO - Moving offensive blockers for team Mudcrushers
2025-04-03 00:10:59,283 - goblinball.controller - INFO - Moving defensive blockers for team Skullsmashers
2025-04-03 00:10:59,842 - goblinball.controller - INFO - ==== Processing Turn 13 ====
2025-04-03 00:10:59,842 - goblinball.controller - INFO - Offense Team: Mudcrushers, Defense Team: Skullsmashers
2025-04-03 00:10:59,842 - goblinball.controller - INFO - Attempting to move carrier Stabfist Sarmacid
2025-04-03 00:10:59,842 - goblinball.controller - INFO - Moving offensive blockers for team Mudcrushers
2025-04-03 00:10:59,843 - goblinball.controller - INFO - Moving defensive blockers for team Skullsmashers
2025-04-03 00:11:00,270 - goblinball.controller - INFO - ==== Processing Turn 14 ====
2025-04-03 00:11:00,270 - goblinball.controller - INFO - Offense Team: Mudcrushers, Defense Team: Skullsmashers
2025-04-03 00:11:00,270 - goblinball.controller - INFO - Attempting to move carrier Stabfist Sarmacid
2025-04-03 00:11:00,270 - goblinball.controller - INFO - Moving offensive blockers for team Mudcrushers
2025-04-03 00:11:00,270 - goblinball.controller - INFO - Moving defensive blockers for team Skullsmashers
2025-04-03 00:11:00,681 - goblinball.controller - INFO - ==== Processing Turn 15 ====
2025-04-03 00:11:00,681 - goblinball.controller - INFO - Offense Team: Mudcrushers, Defense Team: Skullsmashers
2025-04-03 00:11:00,681 - goblinball.controller - INFO - Attempting to move carrier Stabfist Sarmacid
2025-04-03 00:11:00,681 - goblinball.controller - INFO - Moving offensive blockers for team Mudcrushers
2025-04-03 00:11:00,682 - goblinball.controller - INFO - Moving defensive blockers for team Skullsmashers
2025-04-03 00:11:01,157 - goblinball.controller - INFO - ==== Processing Turn 16 ====
2025-04-03 00:11:01,157 - goblinball.controller - INFO - Offense Team: Mudcrushers, Defense Team: Skullsmashers
2025-04-03 00:11:01,157 - goblinball.controller - INFO - Attempting to move carrier Stabfist Sarmacid
2025-04-03 00:11:01,158 - goblinball.controller - INFO - Moving offensive blockers for team Mudcrushers
2025-04-03 00:11:01,158 - goblinball.controller - INFO - Moving defensive blockers for team Skullsmashers
2025-04-03 00:11:03,630 - goblinball.controller - INFO - ==== Processing Turn 17 ====
2025-04-03 00:11:03,631 - goblinball.controller - INFO - Offense Team: Mudcrushers, Defense Team: Skullsmashers
2025-04-03 00:11:03,631 - goblinball.controller - INFO - Attempting to move carrier Stabfist Sarmacid
2025-04-03 00:11:03,631 - goblinball.controller - INFO - Moving offensive blockers for team Mudcrushers
2025-04-03 00:11:03,632 - goblinball.controller - INFO - Moving defensive blockers for team Skullsmashers
2025-04-03 00:11:04,108 - goblinball.controller - INFO - ==== Processing Turn 18 ====
2025-04-03 00:11:04,108 - goblinball.controller - INFO - Offense Team: Mudcrushers, Defense Team: Skullsmashers
2025-04-03 00:11:04,108 - goblinball.controller - INFO - Attempting to move carrier Stabfist Sarmacid
2025-04-03 00:11:04,108 - goblinball.controller - INFO - Moving offensive blockers for team Mudcrushers
2025-04-03 00:11:04,109 - goblinball.controller - INFO - Moving defensive blockers for team Skullsmashers
2025-04-03 00:11:04,605 - goblinball.controller - INFO - ==== Processing Turn 19 ====
2025-04-03 00:11:04,605 - goblinball.controller - INFO - Offense Team: Mudcrushers, Defense Team: Skullsmashers
2025-04-03 00:11:04,605 - goblinball.controller - INFO - Attempting to move carrier Stabfist Sarmacid
2025-04-03 00:11:04,605 - goblinball.controller - INFO - Moving offensive blockers for team Mudcrushers
2025-04-03 00:11:04,606 - goblinball.controller - INFO - Moving defensive blockers for team Skullsmashers
2025-04-03 00:11:05,079 - goblinball.controller - INFO - ==== Processing Turn 20 ====
2025-04-03 00:11:05,081 - goblinball.controller - INFO - Offense Team: Mudcrushers, Defense Team: Skullsmashers
2025-04-03 00:11:05,081 - goblinball.controller - INFO - Attempting to move carrier Stabfist Sarmacid
2025-04-03 00:11:05,081 - goblinball.controller - INFO - Moving offensive blockers for team Mudcrushers
2025-04-03 00:11:05,082 - goblinball.controller - INFO - Moving defensive blockers for team Skullsmashers
2025-04-03 00:11:05,838 - goblinball.controller - INFO - ==== Processing Turn 21 ====
2025-04-03 00:11:05,838 - goblinball.controller - INFO - Offense Team: Mudcrushers, Defense Team: Skullsmashers
2025-04-03 00:11:05,839 - goblinball.controller - INFO - Attempting to move carrier Stabfist Sarmacid
2025-04-03 00:11:05,841 - goblinball.controller - INFO - Moving offensive blockers for team Mudcrushers
2025-04-03 00:11:05,842 - goblinball.controller - INFO - Moving defensive blockers for team Skullsmashers
2025-04-03 00:11:06,485 - goblinball.controller - INFO - ==== Processing Turn 22 ====
2025-04-03 00:11:06,485 - goblinball.controller - INFO - Offense Team: Mudcrushers, Defense Team: Skullsmashers
2025-04-03 00:11:06,485 - goblinball.controller - INFO - Attempting to move carrier Stabfist Sarmacid
2025-04-03 00:11:06,485 - goblinball.controller - INFO - Moving offensive blockers for team Mudcrushers
2025-04-03 00:11:06,486 - goblinball.controller - INFO - Moving defensive blockers for team Skullsmashers
2025-04-03 00:11:06,903 - goblinball.controller - INFO - ==== Processing Turn 23 ====
2025-04-03 00:11:06,903 - goblinball.controller - INFO - Offense Team: Mudcrushers, Defense Team: Skullsmashers
2025-04-03 00:11:06,904 - goblinball.controller - INFO - Attempting to move carrier Stabfist Sarmacid
2025-04-03 00:11:06,904 - goblinball.controller - INFO - Moving offensive blockers for team Mudcrushers
2025-04-03 00:11:06,904 - goblinball.controller - INFO - Moving defensive blockers for team Skullsmashers
2025-04-03 00:11:07,201 - goblinball.controller - INFO - ==== Processing Turn 24 ====
2025-04-03 00:11:07,201 - goblinball.controller - INFO - Offense Team: Mudcrushers, Defense Team: Skullsmashers
2025-04-03 00:11:07,201 - goblinball.controller - INFO - Attempting to move carrier Stabfist Sarmacid
2025-04-03 00:11:07,201 - goblinball.controller - INFO - Moving offensive blockers for team Mudcrushers
2025-04-03 00:11:07,201 - goblinball.controller - INFO - Moving defensive blockers for team Skullsmashers
2025-04-03 00:11:07,449 - goblinball.controller - INFO - ==== Processing Turn 25 ====
2025-04-03 00:11:07,449 - goblinball.controller - INFO - Offense Team: Mudcrushers, Defense Team: Skullsmashers
2025-04-03 00:11:07,449 - goblinball.controller - INFO - Attempting to move carrier Stabfist Sarmacid
2025-04-03 00:11:07,449 - goblinball.controller - INFO - Moving offensive blockers for team Mudcrushers
2025-04-03 00:11:07,450 - goblinball.controller - INFO - Moving defensive blockers for team Skullsmashers
2025-04-03 00:11:07,693 - goblinball.controller - INFO - ==== Processing Turn 26 ====
2025-04-03 00:11:07,693 - goblinball.controller - INFO - Offense Team: Mudcrushers, Defense Team: Skullsmashers
2025-04-03 00:11:07,693 - goblinball.controller - INFO - Attempting to move carrier Stabfist Sarmacid
2025-04-03 00:11:07,693 - goblinball.controller - INFO - Moving offensive blockers for team Mudcrushers
2025-04-03 00:11:07,693 - goblinball.controller - INFO - Moving defensive blockers for team Skullsmashers
2025-04-03 00:11:07,893 - goblinball.controller - INFO - ==== Processing Turn 27 ====
2025-04-03 00:11:07,894 - goblinball.controller - INFO - Offense Team: Mudcrushers, Defense Team: Skullsmashers
2025-04-03 00:11:07,894 - goblinball.controller - INFO - Attempting to move carrier Stabfist Sarmacid
2025-04-03 00:11:07,895 - goblinball.controller - INFO - Moving offensive blockers for team Mudcrushers
2025-04-03 00:11:07,896 - goblinball.controller - INFO - Moving defensive blockers for team Skullsmashers
2025-04-03 00:11:08,271 - goblinball.controller - INFO - ==== Processing Turn 28 ====
2025-04-03 00:11:08,271 - goblinball.controller - INFO - Offense Team: Mudcrushers, Defense Team: Skullsmashers
2025-04-03 00:11:08,271 - goblinball.controller - INFO - Attempting to move carrier Stabfist Sarmacid
2025-04-03 00:11:08,271 - goblinball.controller - INFO - Moving offensive blockers for team Mudcrushers
2025-04-03 00:11:08,271 - goblinball.controller - INFO - Moving defensive blockers for team Skullsmashers
2025-04-03 00:11:08,455 - goblinball.controller - INFO - ==== Processing Turn 29 ====
2025-04-03 00:11:08,455 - goblinball.controller - INFO - Offense Team: Mudcrushers, Defense Team: Skullsmashers
2025-04-03 00:11:08,455 - goblinball.controller - INFO - Attempting to move carrier Stabfist Sarmacid
2025-04-03 00:11:08,455 - goblinball.controller - INFO - Moving offensive blockers for team Mudcrushers
2025-04-03 00:11:08,456 - goblinball.controller - INFO - Moving defensive blockers for team Skullsmashers
2025-04-03 00:11:08,653 - goblinball.controller - INFO - ==== Processing Turn 30 ====
2025-04-03 00:11:08,653 - goblinball.controller - INFO - Offense Team: Mudcrushers, Defense Team: Skullsmashers
2025-04-03 00:11:08,653 - goblinball.controller - INFO - Attempting to move carrier Stabfist Sarmacid
2025-04-03 00:11:08,653 - goblinball.controller - INFO - Moving offensive blockers for team Mudcrushers
2025-04-03 00:11:08,653 - goblinball.controller - INFO - Moving defensive blockers for team Skullsmashers
2025-04-03 00:11:08,837 - goblinball.controller - INFO - ==== Processing Turn 31 ====
2025-04-03 00:11:08,837 - goblinball.controller - INFO - Offense Team: Mudcrushers, Defense Team: Skullsmashers
2025-04-03 00:11:08,837 - goblinball.controller - INFO - Turn limit of 30 reached. Ending play.
2025-04-03 00:11:08,837 - goblinball.controller - INFO - ===== Ending Play 1 after 31 turns =====
2025-04-03 00:11:08,837 - goblinball.controller - INFO - Score: Mudcrushers 0 - 0 Skullsmashers
2025-04-03 00:20:08,646 - goblinball - INFO - Goblinball ended
