2025-04-03 00:30:28,477 - goblinball - INFO - ==================================================
2025-04-03 00:30:28,478 - goblinball - INFO - Starting Goblinball
2025-04-03 00:30:28,478 - goblinball - INFO - Python version: 3.13.2 (tags/v3.13.2:4f8bb39, Feb  4 2025, 15:23:48) [MSC v.1942 64 bit (AMD64)]
2025-04-03 00:30:28,478 - goblinball - INFO - Current working directory: C:\Users\johnm\OneDrive\Documents\goblin-ball\goblinball
2025-04-03 00:30:28,478 - goblinball - INFO - Sys path: ['C:\\Users\\johnm\\OneDrive\\Documents\\goblin-ball\\goblinball', 'C:\\Users\\johnm\\OneDrive\\Documents\\goblin-ball', 'C:\\Users\\johnm\\AppData\\Local\\Programs\\Python\\Python313\\python313.zip', 'C:\\Users\\johnm\\AppData\\Local\\Programs\\Python\\Python313\\DLLs', 'C:\\Users\\johnm\\AppData\\Local\\Programs\\Python\\Python313\\Lib', 'C:\\Users\\johnm\\AppData\\Local\\Programs\\Python\\Python313', 'C:\\Users\\johnm\\AppData\\Local\\Programs\\Python\\Python313\\Lib\\site-packages']
2025-04-03 00:30:28,478 - goblinball - INFO - ==================================================
2025-04-03 00:30:28,486 - goblinball - INFO - All required modules validated successfully
2025-04-03 00:30:28,487 - goblinball - INFO - Starting Goblinball
2025-04-03 00:30:28,487 - goblinball - INFO - Running from directory: C:\Users\johnm\OneDrive\Documents\goblin-ball\goblinball
2025-04-03 00:30:28,506 - goblinball.controller - INFO - Selected carrier: Krunkslicer from team Mudcrushers
2025-04-03 00:30:28,506 - goblinball.controller - INFO - ===== Starting Play 1 =====
2025-04-03 00:30:28,506 - goblinball.controller - INFO - Selected carrier: Thrakbiter Addington from team Mudcrushers
2025-04-03 00:30:30,266 - goblinball.controller - INFO - ==== Processing Turn 1 ====
2025-04-03 00:30:30,266 - goblinball.controller - INFO - Offense Team: Mudcrushers, Defense Team: Skullsmashers
2025-04-03 00:30:30,266 - goblinball.controller - INFO - Attempting to move carrier Thrakbiter Addington
2025-04-03 00:30:30,267 - goblinball.controller - INFO - Moving offensive blockers for team Mudcrushers
2025-04-03 00:30:30,268 - goblinball.controller - INFO - Moving defensive blockers for team Skullsmashers
2025-04-03 00:30:30,957 - goblinball.controller - INFO - ==== Processing Turn 2 ====
2025-04-03 00:30:30,957 - goblinball.controller - INFO - Offense Team: Mudcrushers, Defense Team: Skullsmashers
2025-04-03 00:30:30,957 - goblinball.controller - INFO - Attempting to move carrier Thrakbiter Addington
2025-04-03 00:30:30,957 - goblinball.controller - INFO - Moving offensive blockers for team Mudcrushers
2025-04-03 00:30:30,957 - goblinball.controller - INFO - Moving defensive blockers for team Skullsmashers
2025-04-03 00:30:31,941 - goblinball.controller - INFO - ==== Processing Turn 3 ====
2025-04-03 00:30:31,941 - goblinball.controller - INFO - Offense Team: Mudcrushers, Defense Team: Skullsmashers
2025-04-03 00:30:31,941 - goblinball.controller - INFO - Attempting to move carrier Thrakbiter Addington
2025-04-03 00:30:31,941 - goblinball.controller - INFO - Moving offensive blockers for team Mudcrushers
2025-04-03 00:30:31,942 - goblinball.controller - INFO - Moving defensive blockers for team Skullsmashers
2025-04-03 00:30:38,475 - goblinball.controller - INFO - ==== Processing Turn 4 ====
2025-04-03 00:30:38,475 - goblinball.controller - INFO - Offense Team: Mudcrushers, Defense Team: Skullsmashers
2025-04-03 00:30:38,475 - goblinball.controller - INFO - Attempting to move carrier Thrakbiter Addington
2025-04-03 00:30:38,476 - goblinball.controller - INFO - Moving offensive blockers for team Mudcrushers
2025-04-03 00:30:38,476 - goblinball.controller - INFO - Moving defensive blockers for team Skullsmashers
2025-04-03 00:30:43,776 - goblinball.controller - INFO - ==== Processing Turn 5 ====
2025-04-03 00:30:43,777 - goblinball.controller - INFO - Offense Team: Mudcrushers, Defense Team: Skullsmashers
2025-04-03 00:30:43,777 - goblinball.controller - INFO - Attempting to move carrier Thrakbiter Addington
2025-04-03 00:30:43,777 - goblinball.controller - INFO - Moving offensive blockers for team Mudcrushers
2025-04-03 00:30:43,777 - goblinball.controller - INFO - Moving defensive blockers for team Skullsmashers
2025-04-03 00:30:49,975 - goblinball.controller - INFO - ==== Processing Turn 6 ====
2025-04-03 00:30:49,975 - goblinball.controller - INFO - Offense Team: Mudcrushers, Defense Team: Skullsmashers
2025-04-03 00:30:49,975 - goblinball.controller - INFO - Attempting to move carrier Thrakbiter Addington
2025-04-03 00:30:49,975 - goblinball.controller - INFO - Moving offensive blockers for team Mudcrushers
2025-04-03 00:30:49,976 - goblinball.controller - INFO - Moving defensive blockers for team Skullsmashers
2025-04-03 00:30:49,976 - goblinball.controller - INFO - ===== Ending Play 1 after 6 turns =====
2025-04-03 00:30:49,976 - goblinball.controller - INFO - Score: Mudcrushers 0 - 0 Skullsmashers
2025-04-03 00:30:54,756 - goblinball - INFO - Goblinball ended
