2025-04-03 00:30:56,470 - goblinball - INFO - ==================================================
2025-04-03 00:30:56,470 - goblinball - INFO - Starting Goblinball
2025-04-03 00:30:56,470 - goblinball - INFO - Python version: 3.13.2 (tags/v3.13.2:4f8bb39, Feb  4 2025, 15:23:48) [MSC v.1942 64 bit (AMD64)]
2025-04-03 00:30:56,470 - goblinball - INFO - Current working directory: C:\Users\johnm\OneDrive\Documents\goblin-ball\goblinball
2025-04-03 00:30:56,470 - goblinball - INFO - Sys path: ['C:\\Users\\johnm\\OneDrive\\Documents\\goblin-ball\\goblinball', 'C:\\Users\\johnm\\OneDrive\\Documents\\goblin-ball', 'C:\\Users\\johnm\\AppData\\Local\\Programs\\Python\\Python313\\python313.zip', 'C:\\Users\\johnm\\AppData\\Local\\Programs\\Python\\Python313\\DLLs', 'C:\\Users\\johnm\\AppData\\Local\\Programs\\Python\\Python313\\Lib', 'C:\\Users\\johnm\\AppData\\Local\\Programs\\Python\\Python313', 'C:\\Users\\johnm\\AppData\\Local\\Programs\\Python\\Python313\\Lib\\site-packages']
2025-04-03 00:30:56,470 - goblinball - INFO - ==================================================
2025-04-03 00:30:56,479 - goblinball - INFO - All required modules validated successfully
2025-04-03 00:30:56,479 - goblinball - INFO - Starting Goblinball
2025-04-03 00:30:56,479 - goblinball - INFO - Running from directory: C:\Users\johnm\OneDrive\Documents\goblin-ball\goblinball
2025-04-03 00:30:56,498 - goblinball.controller - INFO - Selected carrier: Thraksquisher the Sneaky from team Mudcrushers
2025-04-03 00:30:56,499 - goblinball.controller - INFO - ===== Starting Play 1 =====
2025-04-03 00:30:56,499 - goblinball.controller - INFO - Selected carrier: Krakbasher  from team Mudcrushers
2025-04-03 00:30:58,190 - goblinball.controller - INFO - ==== Processing Turn 1 ====
2025-04-03 00:30:58,190 - goblinball.controller - INFO - Offense Team: Mudcrushers, Defense Team: Skullsmashers
2025-04-03 00:30:58,191 - goblinball.controller - INFO - Attempting to move carrier Krakbasher 
2025-04-03 00:30:58,192 - goblinball.controller - INFO - Moving offensive blockers for team Mudcrushers
2025-04-03 00:30:58,195 - goblinball.controller - INFO - Moving defensive blockers for team Skullsmashers
2025-04-03 00:31:01,139 - goblinball.controller - INFO - ==== Processing Turn 2 ====
2025-04-03 00:31:01,139 - goblinball.controller - INFO - Offense Team: Mudcrushers, Defense Team: Skullsmashers
2025-04-03 00:31:01,139 - goblinball.controller - INFO - Attempting to move carrier Krakbasher 
2025-04-03 00:31:01,139 - goblinball.controller - INFO - Moving offensive blockers for team Mudcrushers
2025-04-03 00:31:01,140 - goblinball.controller - INFO - Moving defensive blockers for team Skullsmashers
2025-04-03 00:31:03,524 - goblinball.controller - INFO - ==== Processing Turn 3 ====
2025-04-03 00:31:03,525 - goblinball.controller - INFO - Offense Team: Mudcrushers, Defense Team: Skullsmashers
2025-04-03 00:31:03,525 - goblinball.controller - INFO - Attempting to move carrier Krakbasher 
2025-04-03 00:31:03,525 - goblinball.controller - INFO - Moving offensive blockers for team Mudcrushers
2025-04-03 00:31:03,525 - goblinball.controller - INFO - Moving defensive blockers for team Skullsmashers
2025-04-03 00:31:08,243 - goblinball.controller - INFO - ==== Processing Turn 4 ====
2025-04-03 00:31:08,244 - goblinball.controller - INFO - Offense Team: Mudcrushers, Defense Team: Skullsmashers
2025-04-03 00:31:08,244 - goblinball.controller - INFO - Attempting to move carrier Krakbasher 
2025-04-03 00:31:08,244 - goblinball.controller - INFO - Moving offensive blockers for team Mudcrushers
2025-04-03 00:31:08,244 - goblinball.controller - INFO - Moving defensive blockers for team Skullsmashers
2025-04-03 00:31:13,759 - goblinball.controller - INFO - ==== Processing Turn 5 ====
2025-04-03 00:31:13,759 - goblinball.controller - INFO - Offense Team: Mudcrushers, Defense Team: Skullsmashers
2025-04-03 00:31:13,759 - goblinball.controller - INFO - Attempting to move carrier Krakbasher 
2025-04-03 00:31:13,759 - goblinball.controller - INFO - Moving offensive blockers for team Mudcrushers
2025-04-03 00:31:13,760 - goblinball.controller - INFO - Moving defensive blockers for team Skullsmashers
2025-04-03 00:31:34,361 - goblinball.controller - INFO - ==== Processing Turn 6 ====
2025-04-03 00:31:34,361 - goblinball.controller - INFO - Offense Team: Mudcrushers, Defense Team: Skullsmashers
2025-04-03 00:31:34,361 - goblinball.controller - INFO - Attempting to move carrier Krakbasher 
2025-04-03 00:31:34,361 - goblinball.controller - INFO - ===== Ending Play 1 after 6 turns =====
2025-04-03 00:31:34,361 - goblinball.controller - INFO - Score: Mudcrushers 3 - 0 Skullsmashers
2025-04-03 00:31:34,361 - goblinball.controller - INFO - ===== Ending Play 1 after 6 turns =====
2025-04-03 00:31:34,361 - goblinball.controller - INFO - Score: Mudcrushers 6 - 0 Skullsmashers
2025-04-03 00:31:34,361 - goblinball.controller - INFO - Carrier Krakbasher  scored! Ending play.
2025-04-03 00:31:34,361 - goblinball.controller - INFO - ===== Ending Play 1 after 6 turns =====
2025-04-03 00:31:34,361 - goblinball.controller - INFO - Score: Mudcrushers 6 - 0 Skullsmashers
2025-04-03 00:31:58,427 - goblinball - INFO - Goblinball ended
