2025-04-03 11:34:50,397 - goblinball - INFO - ==================================================
2025-04-03 11:34:50,397 - goblinball - INFO - Starting Goblinball
2025-04-03 11:34:50,398 - goblinball - INFO - Python version: 3.13.2 (tags/v3.13.2:4f8bb39, Feb  4 2025, 15:23:48) [MSC v.1942 64 bit (AMD64)]
2025-04-03 11:34:50,398 - goblinball - INFO - Current working directory: C:\Users\johnm\OneDrive\Documents\goblin-ball\goblinball
2025-04-03 11:34:50,398 - goblinball - INFO - Sys path: ['C:\\Users\\johnm\\OneDrive\\Documents\\goblin-ball\\goblinball', 'C:\\Users\\johnm\\AppData\\Local\\Programs\\Python\\Python313\\python313.zip', 'C:\\Users\\johnm\\AppData\\Local\\Programs\\Python\\Python313\\DLLs', 'C:\\Users\\johnm\\AppData\\Local\\Programs\\Python\\Python313\\Lib', 'C:\\Users\\johnm\\AppData\\Local\\Programs\\Python\\Python313', 'C:\\Users\\johnm\\AppData\\Local\\Programs\\Python\\Python313\\Lib\\site-packages']
2025-04-03 11:34:50,398 - goblinball - INFO - ==================================================
2025-04-03 11:34:50,405 - goblinball - INFO - All required modules validated successfully
2025-04-03 11:34:50,405 - goblinball - INFO - Starting Goblinball
2025-04-03 11:34:50,405 - goblinball - INFO - Running from directory: C:\Users\johnm\OneDrive\Documents\goblin-ball\goblinball
2025-04-03 11:34:50,425 - goblinball.controller - INFO - Selected carrier: Globmangler Chang the Brutal from team Mudcrushers
2025-04-03 11:34:50,425 - goblinball.controller - INFO - ===== Starting Play 1 =====
2025-04-03 11:34:50,425 - goblinball.controller - INFO - Selected carrier: Gutchewer Gunasekera from team Mudcrushers
2025-04-03 11:34:51,642 - goblinball.controller - INFO - ==== Processing Turn 1 ====
2025-04-03 11:34:51,642 - goblinball.controller - INFO - Offense Team: Mudcrushers, Defense Team: Skullsmashers
2025-04-03 11:34:51,643 - goblinball.controller - INFO - Attempting to move carrier Gutchewer Gunasekera
2025-04-03 11:34:51,646 - goblinball.controller - INFO - Moving offensive blockers for team Mudcrushers
2025-04-03 11:34:51,648 - goblinball.controller - INFO - Moving defensive blockers for team Skullsmashers
2025-04-03 11:34:52,070 - goblinball.controller - INFO - ==== Processing Turn 2 ====
2025-04-03 11:34:52,070 - goblinball.controller - INFO - Offense Team: Mudcrushers, Defense Team: Skullsmashers
2025-04-03 11:34:52,070 - goblinball.controller - INFO - Attempting to move carrier Gutchewer Gunasekera
2025-04-03 11:34:52,070 - goblinball.controller - INFO - Moving offensive blockers for team Mudcrushers
2025-04-03 11:34:52,071 - goblinball.controller - INFO - Moving defensive blockers for team Skullsmashers
2025-04-03 11:34:52,699 - goblinball.controller - INFO - ==== Processing Turn 3 ====
2025-04-03 11:34:52,699 - goblinball.controller - INFO - Offense Team: Mudcrushers, Defense Team: Skullsmashers
2025-04-03 11:34:52,700 - goblinball.controller - INFO - Attempting to move carrier Gutchewer Gunasekera
2025-04-03 11:34:52,700 - goblinball.controller - INFO - ===== Ending Play 1 after 3 turns =====
2025-04-03 11:34:52,700 - goblinball.controller - INFO - Score: Mudcrushers 0 - 0 Skullsmashers
2025-04-03 11:34:52,700 - goblinball.controller - INFO - Moving offensive blockers for team Skullsmashers
2025-04-03 11:34:52,701 - goblinball.controller - INFO - Moving defensive blockers for team Mudcrushers
2025-04-03 11:34:55,192 - goblinball - INFO - Goblinball ended
