2025-04-03 00:09:18,698 - goblinball - INFO - ==================================================
2025-04-03 00:09:18,698 - goblinball - INFO - Starting Goblinball
2025-04-03 00:09:18,698 - goblinball - INFO - Python version: 3.13.2 (tags/v3.13.2:4f8bb39, Feb  4 2025, 15:23:48) [MSC v.1942 64 bit (AMD64)]
2025-04-03 00:09:18,699 - goblinball - INFO - Current working directory: C:\Users\johnm\OneDrive\Documents\goblin-ball\goblinball
2025-04-03 00:09:18,699 - goblinball - INFO - Sys path: ['C:\\Users\\johnm\\OneDrive\\Documents\\goblin-ball\\goblinball', 'C:\\Users\\johnm\\OneDrive\\Documents\\goblin-ball', 'C:\\Users\\johnm\\AppData\\Local\\Programs\\Python\\Python313\\python313.zip', 'C:\\Users\\johnm\\AppData\\Local\\Programs\\Python\\Python313\\DLLs', 'C:\\Users\\johnm\\AppData\\Local\\Programs\\Python\\Python313\\Lib', 'C:\\Users\\johnm\\AppData\\Local\\Programs\\Python\\Python313', 'C:\\Users\\johnm\\AppData\\Local\\Programs\\Python\\Python313\\Lib\\site-packages']
2025-04-03 00:09:18,699 - goblinball - INFO - ==================================================
2025-04-03 00:09:18,707 - goblinball - INFO - All required modules validated successfully
2025-04-03 00:09:18,708 - goblinball - INFO - Starting Goblinball
2025-04-03 00:09:18,708 - goblinball - INFO - Running from directory: C:\Users\johnm\OneDrive\Documents\goblin-ball\goblinball
2025-04-03 00:09:18,727 - goblinball.controller - INFO - Selected carrier: Skabgulper from team Mudcrushers
2025-04-03 00:09:18,727 - goblinball.controller - INFO - ===== Starting Play 1 =====
2025-04-03 00:09:18,728 - goblinball.controller - INFO - Selected carrier: Graksmasher Lloyd from team Mudcrushers
2025-04-03 00:09:20,732 - goblinball.controller - INFO - ==== Processing Turn 1 ====
2025-04-03 00:09:20,732 - goblinball.controller - INFO - Offense Team: Mudcrushers, Defense Team: Skullsmashers
2025-04-03 00:09:20,733 - goblinball.controller - INFO - Attempting to move carrier Graksmasher Lloyd
2025-04-03 00:09:20,733 - goblinball.controller - INFO - Moving offensive blockers for team Mudcrushers
2025-04-03 00:09:20,738 - goblinball.controller - INFO - Moving defensive blockers for team Skullsmashers
2025-04-03 00:09:21,717 - goblinball.controller - INFO - ==== Processing Turn 2 ====
2025-04-03 00:09:21,717 - goblinball.controller - INFO - Offense Team: Mudcrushers, Defense Team: Skullsmashers
2025-04-03 00:09:21,717 - goblinball.controller - INFO - Attempting to move carrier Graksmasher Lloyd
2025-04-03 00:09:21,717 - goblinball.controller - INFO - Moving offensive blockers for team Mudcrushers
2025-04-03 00:09:21,718 - goblinball.controller - INFO - Moving defensive blockers for team Skullsmashers
2025-04-03 00:09:26,552 - goblinball.controller - INFO - ==== Processing Turn 3 ====
2025-04-03 00:09:26,553 - goblinball.controller - INFO - Offense Team: Mudcrushers, Defense Team: Skullsmashers
2025-04-03 00:09:26,553 - goblinball.controller - INFO - Attempting to move carrier Graksmasher Lloyd
2025-04-03 00:09:26,553 - goblinball.controller - INFO - Moving offensive blockers for team Mudcrushers
2025-04-03 00:09:26,553 - goblinball.controller - INFO - Moving defensive blockers for team Skullsmashers
2025-04-03 00:09:39,019 - goblinball.controller - INFO - ==== Processing Turn 4 ====
2025-04-03 00:09:39,019 - goblinball.controller - INFO - Offense Team: Mudcrushers, Defense Team: Skullsmashers
2025-04-03 00:09:39,019 - goblinball.controller - INFO - Attempting to move carrier Graksmasher Lloyd
2025-04-03 00:09:39,019 - goblinball.controller - INFO - Moving offensive blockers for team Mudcrushers
2025-04-03 00:09:39,020 - goblinball.controller - INFO - Moving defensive blockers for team Skullsmashers
2025-04-03 00:09:44,606 - goblinball.controller - INFO - ==== Processing Turn 5 ====
2025-04-03 00:09:44,607 - goblinball.controller - INFO - Offense Team: Mudcrushers, Defense Team: Skullsmashers
2025-04-03 00:09:44,607 - goblinball.controller - INFO - Attempting to move carrier Graksmasher Lloyd
2025-04-03 00:09:44,607 - goblinball.controller - INFO - Moving offensive blockers for team Mudcrushers
2025-04-03 00:09:44,607 - goblinball.controller - INFO - Moving defensive blockers for team Skullsmashers
2025-04-03 00:09:47,039 - goblinball.controller - INFO - ==== Processing Turn 6 ====
2025-04-03 00:09:47,039 - goblinball.controller - INFO - Offense Team: Mudcrushers, Defense Team: Skullsmashers
2025-04-03 00:09:47,039 - goblinball.controller - INFO - Attempting to move carrier Graksmasher Lloyd
2025-04-03 00:09:47,039 - goblinball.controller - INFO - Moving offensive blockers for team Mudcrushers
2025-04-03 00:09:47,040 - goblinball.controller - INFO - Moving defensive blockers for team Skullsmashers
2025-04-03 00:09:50,029 - goblinball.controller - INFO - ==== Processing Turn 7 ====
2025-04-03 00:09:50,029 - goblinball.controller - INFO - Offense Team: Mudcrushers, Defense Team: Skullsmashers
2025-04-03 00:09:50,029 - goblinball.controller - INFO - Attempting to move carrier Graksmasher Lloyd
2025-04-03 00:09:50,029 - goblinball.controller - INFO - Moving offensive blockers for team Mudcrushers
2025-04-03 00:09:50,029 - goblinball.controller - INFO - Moving defensive blockers for team Skullsmashers
2025-04-03 00:09:51,780 - goblinball.controller - INFO - ==== Processing Turn 8 ====
2025-04-03 00:09:51,780 - goblinball.controller - INFO - Offense Team: Mudcrushers, Defense Team: Skullsmashers
2025-04-03 00:09:51,780 - goblinball.controller - INFO - Attempting to move carrier Graksmasher Lloyd
2025-04-03 00:09:51,781 - goblinball.controller - INFO - Moving offensive blockers for team Mudcrushers
2025-04-03 00:09:51,781 - goblinball.controller - INFO - Moving defensive blockers for team Skullsmashers
2025-04-03 00:09:53,089 - goblinball.controller - INFO - ==== Processing Turn 9 ====
2025-04-03 00:09:53,089 - goblinball.controller - INFO - Offense Team: Mudcrushers, Defense Team: Skullsmashers
2025-04-03 00:09:53,089 - goblinball.controller - INFO - Attempting to move carrier Graksmasher Lloyd
2025-04-03 00:09:53,089 - goblinball.controller - INFO - ===== Ending Play 1 after 9 turns =====
2025-04-03 00:09:53,089 - goblinball.controller - INFO - Score: Mudcrushers 3 - 0 Skullsmashers
2025-04-03 00:09:53,089 - goblinball.controller - INFO - ===== Ending Play 1 after 9 turns =====
2025-04-03 00:09:53,090 - goblinball.controller - INFO - Score: Mudcrushers 6 - 0 Skullsmashers
2025-04-03 00:09:53,090 - goblinball.controller - INFO - Carrier Graksmasher Lloyd scored! Ending play.
2025-04-03 00:09:53,090 - goblinball.controller - INFO - ===== Ending Play 1 after 9 turns =====
2025-04-03 00:09:53,090 - goblinball.controller - INFO - Score: Mudcrushers 6 - 0 Skullsmashers
2025-04-03 00:10:06,068 - goblinball - INFO - Goblinball ended
