2025-04-03 00:31:59,586 - goblinball - INFO - ==================================================
2025-04-03 00:31:59,586 - goblinball - INFO - Starting Goblinball
2025-04-03 00:31:59,586 - goblinball - INFO - Python version: 3.13.2 (tags/v3.13.2:4f8bb39, Feb  4 2025, 15:23:48) [MSC v.1942 64 bit (AMD64)]
2025-04-03 00:31:59,586 - goblinball - INFO - Current working directory: C:\Users\johnm\OneDrive\Documents\goblin-ball\goblinball
2025-04-03 00:31:59,586 - goblinball - INFO - Sys path: ['C:\\Users\\johnm\\OneDrive\\Documents\\goblin-ball\\goblinball', 'C:\\Users\\johnm\\OneDrive\\Documents\\goblin-ball', 'C:\\Users\\johnm\\AppData\\Local\\Programs\\Python\\Python313\\python313.zip', 'C:\\Users\\johnm\\AppData\\Local\\Programs\\Python\\Python313\\DLLs', 'C:\\Users\\johnm\\AppData\\Local\\Programs\\Python\\Python313\\Lib', 'C:\\Users\\johnm\\AppData\\Local\\Programs\\Python\\Python313', 'C:\\Users\\johnm\\AppData\\Local\\Programs\\Python\\Python313\\Lib\\site-packages']
2025-04-03 00:31:59,586 - goblinball - INFO - ==================================================
2025-04-03 00:31:59,594 - goblinball - INFO - All required modules validated successfully
2025-04-03 00:31:59,594 - goblinball - INFO - Starting Goblinball
2025-04-03 00:31:59,594 - goblinball - INFO - Running from directory: C:\Users\johnm\OneDrive\Documents\goblin-ball\goblinball
2025-04-03 00:31:59,614 - goblinball.controller - INFO - Selected carrier: Snotfist from team Mudcrushers
2025-04-03 00:31:59,614 - goblinball.controller - INFO - ===== Starting Play 1 =====
2025-04-03 00:31:59,614 - goblinball.controller - INFO - Selected carrier: Snottooth the Tough from team Mudcrushers
2025-04-03 00:32:01,529 - goblinball.controller - INFO - ==== Processing Turn 1 ====
2025-04-03 00:32:01,529 - goblinball.controller - INFO - Offense Team: Mudcrushers, Defense Team: Skullsmashers
2025-04-03 00:32:01,529 - goblinball.controller - INFO - Attempting to move carrier Snottooth the Tough
2025-04-03 00:32:01,533 - goblinball.controller - INFO - Moving offensive blockers for team Mudcrushers
2025-04-03 00:32:01,533 - goblinball.controller - INFO - Moving defensive blockers for team Skullsmashers
2025-04-03 00:32:10,858 - goblinball.controller - INFO - ==== Processing Turn 2 ====
2025-04-03 00:32:10,858 - goblinball.controller - INFO - Offense Team: Mudcrushers, Defense Team: Skullsmashers
2025-04-03 00:32:10,858 - goblinball.controller - INFO - Attempting to move carrier Snottooth the Tough
2025-04-03 00:32:10,859 - goblinball.controller - INFO - Moving offensive blockers for team Mudcrushers
2025-04-03 00:32:10,859 - goblinball.controller - INFO - Moving defensive blockers for team Skullsmashers
2025-04-03 00:32:12,060 - goblinball.controller - INFO - ==== Processing Turn 3 ====
2025-04-03 00:32:12,060 - goblinball.controller - INFO - Offense Team: Mudcrushers, Defense Team: Skullsmashers
2025-04-03 00:32:12,060 - goblinball.controller - INFO - Attempting to move carrier Snottooth the Tough
2025-04-03 00:32:12,060 - goblinball.controller - INFO - Moving offensive blockers for team Mudcrushers
2025-04-03 00:32:12,061 - goblinball.controller - INFO - Moving defensive blockers for team Skullsmashers
2025-04-03 00:37:03,920 - goblinball.controller - INFO - ==== Processing Turn 4 ====
2025-04-03 00:37:03,921 - goblinball.controller - INFO - Offense Team: Mudcrushers, Defense Team: Skullsmashers
2025-04-03 00:37:03,921 - goblinball.controller - INFO - Attempting to move carrier Snottooth the Tough
2025-04-03 00:37:03,921 - goblinball.controller - INFO - Moving offensive blockers for team Mudcrushers
2025-04-03 00:37:03,921 - goblinball.controller - INFO - Moving defensive blockers for team Skullsmashers
2025-04-03 01:09:26,363 - goblinball.controller - INFO - ==== Processing Turn 5 ====
2025-04-03 01:09:26,363 - goblinball.controller - INFO - Offense Team: Mudcrushers, Defense Team: Skullsmashers
2025-04-03 01:09:26,363 - goblinball.controller - INFO - Attempting to move carrier Snottooth the Tough
2025-04-03 01:09:26,363 - goblinball.controller - INFO - Moving offensive blockers for team Mudcrushers
2025-04-03 01:09:26,364 - goblinball.controller - INFO - Moving defensive blockers for team Skullsmashers
2025-04-03 01:09:36,894 - goblinball.controller - INFO - ==== Processing Turn 6 ====
2025-04-03 01:09:36,894 - goblinball.controller - INFO - Offense Team: Mudcrushers, Defense Team: Skullsmashers
2025-04-03 01:09:36,895 - goblinball.controller - INFO - Attempting to move carrier Snottooth the Tough
2025-04-03 01:09:36,895 - goblinball.controller - INFO - Moving offensive blockers for team Mudcrushers
2025-04-03 01:09:36,896 - goblinball.controller - INFO - Moving defensive blockers for team Skullsmashers
2025-04-03 01:10:15,037 - goblinball.controller - INFO - ==== Processing Turn 7 ====
2025-04-03 01:10:15,038 - goblinball.controller - INFO - Offense Team: Mudcrushers, Defense Team: Skullsmashers
2025-04-03 01:10:15,038 - goblinball.controller - INFO - Attempting to move carrier Snottooth the Tough
2025-04-03 01:10:15,038 - goblinball.controller - INFO - Moving offensive blockers for team Mudcrushers
2025-04-03 01:10:15,038 - goblinball.controller - INFO - Moving defensive blockers for team Skullsmashers
2025-04-03 01:10:28,727 - goblinball.controller - INFO - ==== Processing Turn 8 ====
2025-04-03 01:10:28,727 - goblinball.controller - INFO - Offense Team: Mudcrushers, Defense Team: Skullsmashers
2025-04-03 01:10:28,727 - goblinball.controller - INFO - Attempting to move carrier Snottooth the Tough
2025-04-03 01:10:28,727 - goblinball.controller - INFO - Moving offensive blockers for team Mudcrushers
2025-04-03 01:10:28,727 - goblinball.controller - INFO - Moving defensive blockers for team Skullsmashers
2025-04-03 01:10:28,727 - goblinball.controller - INFO - ===== Ending Play 1 after 8 turns =====
2025-04-03 01:10:28,727 - goblinball.controller - INFO - Score: Mudcrushers 0 - 0 Skullsmashers
2025-04-03 01:22:15,299 - goblinball - INFO - Goblinball ended
