2025-04-03 11:53:27,312 - goblinball - INFO - ==================================================
2025-04-03 11:53:27,312 - goblinball - INFO - Starting Goblinball
2025-04-03 11:53:27,312 - goblinball - INFO - Python version: 3.13.2 (tags/v3.13.2:4f8bb39, Feb  4 2025, 15:23:48) [MSC v.1942 64 bit (AMD64)]
2025-04-03 11:53:27,312 - goblinball - INFO - Current working directory: C:\Users\johnm\OneDrive\Documents\goblin-ball\goblinball
2025-04-03 11:53:27,313 - goblinball - INFO - Sys path: ['C:\\Users\\johnm\\OneDrive\\Documents\\goblin-ball\\goblinball', 'C:\\Users\\johnm\\AppData\\Local\\Programs\\Python\\Python313\\python313.zip', 'C:\\Users\\johnm\\AppData\\Local\\Programs\\Python\\Python313\\DLLs', 'C:\\Users\\johnm\\AppData\\Local\\Programs\\Python\\Python313\\Lib', 'C:\\Users\\johnm\\AppData\\Local\\Programs\\Python\\Python313', 'C:\\Users\\johnm\\AppData\\Local\\Programs\\Python\\Python313\\Lib\\site-packages']
2025-04-03 11:53:27,313 - goblinball - INFO - ==================================================
2025-04-03 11:53:27,324 - goblinball - INFO - All required modules validated successfully
2025-04-03 11:53:27,324 - goblinball - INFO - Starting Goblinball
2025-04-03 11:53:27,324 - goblinball - INFO - Running from directory: C:\Users\johnm\OneDrive\Documents\goblin-ball\goblinball
2025-04-03 11:53:27,343 - goblinball.controller - INFO - Selected carrier: Grubcrusher from team Mudcrushers
2025-04-03 11:53:27,343 - goblinball.controller - INFO - ===== Starting Play 1 =====
2025-04-03 11:53:27,344 - goblinball.controller - INFO - Selected carrier: Zoggulper the Sneaky from team Mudcrushers
2025-04-03 11:53:28,934 - goblinball.controller - INFO - ==== Processing Turn 1 ====
2025-04-03 11:53:28,934 - goblinball.controller - INFO - Offense Team: Mudcrushers, Defense Team: Skullsmashers
2025-04-03 11:53:28,934 - goblinball.controller - INFO - Attempting to move carrier Zoggulper the Sneaky
2025-04-03 11:53:28,937 - goblinball.controller - INFO - Moving offensive blockers for team Mudcrushers
2025-04-03 11:53:28,939 - goblinball.controller - INFO - Moving defensive blockers for team Skullsmashers
2025-04-03 11:53:29,626 - goblinball.controller - INFO - ==== Processing Turn 2 ====
2025-04-03 11:53:29,626 - goblinball.controller - INFO - Offense Team: Mudcrushers, Defense Team: Skullsmashers
2025-04-03 11:53:29,627 - goblinball.controller - INFO - Attempting to move carrier Zoggulper the Sneaky
2025-04-03 11:53:29,627 - goblinball.controller - INFO - Moving offensive blockers for team Mudcrushers
2025-04-03 11:53:29,628 - goblinball.controller - INFO - Moving defensive blockers for team Skullsmashers
2025-04-03 11:53:30,555 - goblinball.controller - INFO - ==== Processing Turn 3 ====
2025-04-03 11:53:30,555 - goblinball.controller - INFO - Offense Team: Mudcrushers, Defense Team: Skullsmashers
2025-04-03 11:53:30,555 - goblinball.controller - INFO - Attempting to move carrier Zoggulper the Sneaky
2025-04-03 11:53:30,556 - goblinball.controller - INFO - Moving offensive blockers for team Mudcrushers
2025-04-03 11:53:30,557 - goblinball.controller - INFO - Moving defensive blockers for team Skullsmashers
2025-04-03 11:53:30,557 - goblinball.controller - INFO - ===== Ending Play 1 after 3 turns =====
2025-04-03 11:53:30,557 - goblinball.controller - INFO - Score: Mudcrushers 0 - 0 Skullsmashers
2025-04-03 11:53:35,352 - goblinball - INFO - Goblinball ended
