2025-04-03 01:50:08,468 - goblinball - INFO - ==================================================
2025-04-03 01:50:08,468 - goblinball - INFO - Starting Goblinball
2025-04-03 01:50:08,468 - goblinball - INFO - Python version: 3.13.2 (tags/v3.13.2:4f8bb39, Feb  4 2025, 15:23:48) [MSC v.1942 64 bit (AMD64)]
2025-04-03 01:50:08,468 - goblinball - INFO - Current working directory: C:\Users\johnm\OneDrive\Documents\goblin-ball\goblinball
2025-04-03 01:50:08,468 - goblinball - INFO - Sys path: ['C:\\Users\\johnm\\OneDrive\\Documents\\goblin-ball\\goblinball', 'C:\\Users\\johnm\\OneDrive\\Documents\\goblin-ball', 'C:\\Users\\johnm\\AppData\\Local\\Programs\\Python\\Python313\\python313.zip', 'C:\\Users\\johnm\\AppData\\Local\\Programs\\Python\\Python313\\DLLs', 'C:\\Users\\johnm\\AppData\\Local\\Programs\\Python\\Python313\\Lib', 'C:\\Users\\johnm\\AppData\\Local\\Programs\\Python\\Python313', 'C:\\Users\\johnm\\AppData\\Local\\Programs\\Python\\Python313\\Lib\\site-packages']
2025-04-03 01:50:08,468 - goblinball - INFO - ==================================================
2025-04-03 01:50:08,484 - goblinball - INFO - All required modules validated successfully
2025-04-03 01:50:08,484 - goblinball - INFO - Starting Goblinball
2025-04-03 01:50:08,484 - goblinball - INFO - Running from directory: C:\Users\johnm\OneDrive\Documents\goblin-ball\goblinball
2025-04-03 01:50:08,503 - goblinball.controller - INFO - Selected carrier: Mugchomper the Quick from team Mudcrushers
2025-04-03 01:50:08,503 - goblinball.controller - INFO - ===== Starting Play 1 =====
2025-04-03 01:50:08,503 - goblinball.controller - INFO - Selected carrier: Grakchewer from team Mudcrushers
2025-04-03 01:50:13,629 - goblinball.controller - INFO - ==== Processing Turn 1 ====
2025-04-03 01:50:13,630 - goblinball.controller - INFO - Offense Team: Mudcrushers, Defense Team: Skullsmashers
2025-04-03 01:50:13,630 - goblinball.controller - INFO - Attempting to move carrier Grakchewer
2025-04-03 01:50:13,631 - goblinball.controller - INFO - Moving offensive blockers for team Mudcrushers
2025-04-03 01:50:13,634 - goblinball.controller - INFO - Moving defensive blockers for team Skullsmashers
2025-04-03 01:50:15,241 - goblinball.controller - INFO - ==== Processing Turn 2 ====
2025-04-03 01:50:15,241 - goblinball.controller - INFO - Offense Team: Mudcrushers, Defense Team: Skullsmashers
2025-04-03 01:50:15,241 - goblinball.controller - INFO - Attempting to move carrier Grakchewer
2025-04-03 01:50:15,241 - goblinball.controller - INFO - Moving offensive blockers for team Mudcrushers
2025-04-03 01:50:15,241 - goblinball.controller - INFO - Moving defensive blockers for team Skullsmashers
2025-04-03 01:50:21,218 - goblinball.controller - INFO - ==== Processing Turn 3 ====
2025-04-03 01:50:21,218 - goblinball.controller - INFO - Offense Team: Mudcrushers, Defense Team: Skullsmashers
2025-04-03 01:50:21,218 - goblinball.controller - INFO - Attempting to move carrier Grakchewer
2025-04-03 01:50:21,219 - goblinball.controller - INFO - Moving offensive blockers for team Mudcrushers
2025-04-03 01:50:21,219 - goblinball.controller - INFO - Moving defensive blockers for team Skullsmashers
2025-04-03 01:50:37,658 - goblinball.controller - INFO - ==== Processing Turn 4 ====
2025-04-03 01:50:37,658 - goblinball.controller - INFO - Offense Team: Mudcrushers, Defense Team: Skullsmashers
2025-04-03 01:50:37,658 - goblinball.controller - INFO - Attempting to move carrier Grakchewer
2025-04-03 01:50:37,658 - goblinball.controller - INFO - Moving offensive blockers for team Mudcrushers
2025-04-03 01:50:37,658 - goblinball.controller - INFO - Moving defensive blockers for team Skullsmashers
2025-04-03 01:50:49,862 - goblinball.controller - INFO - ==== Processing Turn 5 ====
2025-04-03 01:50:49,862 - goblinball.controller - INFO - Offense Team: Mudcrushers, Defense Team: Skullsmashers
2025-04-03 01:50:49,862 - goblinball.controller - INFO - Attempting to move carrier Grakchewer
2025-04-03 01:50:49,862 - goblinball.controller - INFO - Moving offensive blockers for team Mudcrushers
2025-04-03 01:50:49,863 - goblinball.controller - INFO - Moving defensive blockers for team Skullsmashers
2025-04-03 01:50:49,863 - goblinball.controller - INFO - ===== Ending Play 1 after 5 turns =====
2025-04-03 01:50:49,863 - goblinball.controller - INFO - Score: Mudcrushers 0 - 0 Skullsmashers
2025-04-03 01:50:57,793 - goblinball - INFO - Goblinball ended
