2025-04-03 11:45:31,019 - goblinball - INFO - ==================================================
2025-04-03 11:45:31,020 - goblinball - INFO - Starting Goblinball
2025-04-03 11:45:31,020 - goblinball - INFO - Python version: 3.13.2 (tags/v3.13.2:4f8bb39, Feb  4 2025, 15:23:48) [MSC v.1942 64 bit (AMD64)]
2025-04-03 11:45:31,020 - goblinball - INFO - Current working directory: C:\Users\johnm\OneDrive\Documents\goblin-ball\goblinball
2025-04-03 11:45:31,020 - goblinball - INFO - Sys path: ['C:\\Users\\johnm\\OneDrive\\Documents\\goblin-ball\\goblinball', 'C:\\Users\\johnm\\AppData\\Local\\Programs\\Python\\Python313\\python313.zip', 'C:\\Users\\johnm\\AppData\\Local\\Programs\\Python\\Python313\\DLLs', 'C:\\Users\\johnm\\AppData\\Local\\Programs\\Python\\Python313\\Lib', 'C:\\Users\\johnm\\AppData\\Local\\Programs\\Python\\Python313', 'C:\\Users\\johnm\\AppData\\Local\\Programs\\Python\\Python313\\Lib\\site-packages']
2025-04-03 11:45:31,020 - goblinball - INFO - ==================================================
2025-04-03 11:45:31,027 - goblinball - INFO - All required modules validated successfully
2025-04-03 11:45:31,027 - goblinball - INFO - Starting Goblinball
2025-04-03 11:45:31,027 - goblinball - INFO - Running from directory: C:\Users\johnm\OneDrive\Documents\goblin-ball\goblinball
2025-04-03 11:45:31,046 - goblinball.controller - INFO - Selected carrier: Fizzstabber from team Mudcrushers
2025-04-03 11:45:31,047 - goblinball.controller - INFO - ===== Starting Play 1 =====
2025-04-03 11:45:31,047 - goblinball.controller - INFO - Selected carrier: Skabnose Wulf from team Mudcrushers
2025-04-03 11:45:32,187 - goblinball.controller - INFO - ==== Processing Turn 1 ====
2025-04-03 11:45:32,187 - goblinball.controller - INFO - Offense Team: Mudcrushers, Defense Team: Skullsmashers
2025-04-03 11:45:32,188 - goblinball.controller - INFO - Attempting to move carrier Skabnose Wulf
2025-04-03 11:45:32,191 - goblinball.controller - INFO - Moving offensive blockers for team Mudcrushers
2025-04-03 11:45:32,192 - goblinball.controller - INFO - Moving defensive blockers for team Skullsmashers
2025-04-03 11:45:33,310 - goblinball.controller - INFO - ==== Processing Turn 2 ====
2025-04-03 11:45:33,311 - goblinball.controller - INFO - Offense Team: Mudcrushers, Defense Team: Skullsmashers
2025-04-03 11:45:33,311 - goblinball.controller - INFO - Attempting to move carrier Skabnose Wulf
2025-04-03 11:45:33,311 - goblinball.controller - INFO - Moving offensive blockers for team Mudcrushers
2025-04-03 11:45:33,312 - goblinball.controller - INFO - Moving defensive blockers for team Skullsmashers
2025-04-03 11:45:33,976 - goblinball.controller - INFO - ==== Processing Turn 3 ====
2025-04-03 11:45:33,976 - goblinball.controller - INFO - Offense Team: Mudcrushers, Defense Team: Skullsmashers
2025-04-03 11:45:33,976 - goblinball.controller - INFO - Attempting to move carrier Skabnose Wulf
2025-04-03 11:45:33,976 - goblinball.controller - INFO - Moving offensive blockers for team Mudcrushers
2025-04-03 11:45:33,977 - goblinball.controller - INFO - Moving defensive blockers for team Skullsmashers
2025-04-03 11:45:33,977 - goblinball.controller - INFO - ===== Ending Play 1 after 3 turns =====
2025-04-03 11:45:33,977 - goblinball.controller - INFO - Score: Mudcrushers 0 - 0 Skullsmashers
2025-04-03 11:45:36,051 - goblinball - INFO - Goblinball ended
