2025-04-03 00:15:07,296 - goblinball - INFO - ==================================================
2025-04-03 00:15:07,296 - goblinball - INFO - Starting Goblinball
2025-04-03 00:15:07,296 - goblinball - INFO - Python version: 3.13.2 (tags/v3.13.2:4f8bb39, Feb  4 2025, 15:23:48) [MSC v.1942 64 bit (AMD64)]
2025-04-03 00:15:07,296 - goblinball - INFO - Current working directory: C:\Users\johnm\OneDrive\Documents\goblin-ball\goblinball
2025-04-03 00:15:07,296 - goblinball - INFO - Sys path: ['C:\\Users\\johnm\\OneDrive\\Documents\\goblin-ball\\goblinball', 'C:\\Users\\johnm\\OneDrive\\Documents\\goblin-ball', 'C:\\Users\\johnm\\AppData\\Local\\Programs\\Python\\Python313\\python313.zip', 'C:\\Users\\johnm\\AppData\\Local\\Programs\\Python\\Python313\\DLLs', 'C:\\Users\\johnm\\AppData\\Local\\Programs\\Python\\Python313\\Lib', 'C:\\Users\\johnm\\AppData\\Local\\Programs\\Python\\Python313', 'C:\\Users\\johnm\\AppData\\Local\\Programs\\Python\\Python313\\Lib\\site-packages']
2025-04-03 00:15:07,297 - goblinball - INFO - ==================================================
2025-04-03 00:15:07,305 - goblinball - INFO - All required modules validated successfully
2025-04-03 00:15:07,305 - goblinball - INFO - Starting Goblinball
2025-04-03 00:15:07,305 - goblinball - INFO - Running from directory: C:\Users\johnm\OneDrive\Documents\goblin-ball\goblinball
2025-04-03 00:15:07,324 - goblinball.controller - INFO - Selected carrier: Skabchomper the Fierce from team Mudcrushers
2025-04-03 00:15:07,324 - goblinball.controller - INFO - ===== Starting Play 1 =====
2025-04-03 00:15:07,324 - goblinball.controller - INFO - Selected carrier: Bludcrusher from team Mudcrushers
2025-04-03 00:15:08,970 - goblinball.controller - INFO - ==== Processing Turn 1 ====
2025-04-03 00:15:08,970 - goblinball.controller - INFO - Offense Team: Mudcrushers, Defense Team: Skullsmashers
2025-04-03 00:15:08,970 - goblinball.controller - INFO - Attempting to move carrier Bludcrusher
2025-04-03 00:15:08,970 - goblinball.controller - INFO - Moving offensive blockers for team Mudcrushers
2025-04-03 00:15:08,973 - goblinball.controller - INFO - Moving defensive blockers for team Skullsmashers
2025-04-03 00:15:09,526 - goblinball.controller - INFO - ==== Processing Turn 2 ====
2025-04-03 00:15:09,526 - goblinball.controller - INFO - Offense Team: Mudcrushers, Defense Team: Skullsmashers
2025-04-03 00:15:09,526 - goblinball.controller - INFO - Attempting to move carrier Bludcrusher
2025-04-03 00:15:09,526 - goblinball.controller - INFO - Moving offensive blockers for team Mudcrushers
2025-04-03 00:15:09,526 - goblinball.controller - INFO - Moving defensive blockers for team Skullsmashers
2025-04-03 00:15:10,433 - goblinball.controller - INFO - ==== Processing Turn 3 ====
2025-04-03 00:15:10,433 - goblinball.controller - INFO - Offense Team: Mudcrushers, Defense Team: Skullsmashers
2025-04-03 00:15:10,433 - goblinball.controller - INFO - Attempting to move carrier Bludcrusher
2025-04-03 00:15:10,433 - goblinball.controller - INFO - Moving offensive blockers for team Mudcrushers
2025-04-03 00:15:10,433 - goblinball.controller - INFO - Moving defensive blockers for team Skullsmashers
2025-04-03 00:15:11,122 - goblinball.controller - INFO - ==== Processing Turn 4 ====
2025-04-03 00:15:11,122 - goblinball.controller - INFO - Offense Team: Mudcrushers, Defense Team: Skullsmashers
2025-04-03 00:15:11,122 - goblinball.controller - INFO - Attempting to move carrier Bludcrusher
2025-04-03 00:15:11,122 - goblinball.controller - INFO - Moving offensive blockers for team Mudcrushers
2025-04-03 00:15:11,122 - goblinball.controller - INFO - Moving defensive blockers for team Skullsmashers
2025-04-03 00:15:12,289 - goblinball.controller - INFO - ==== Processing Turn 5 ====
2025-04-03 00:15:12,290 - goblinball.controller - INFO - Offense Team: Mudcrushers, Defense Team: Skullsmashers
2025-04-03 00:15:12,290 - goblinball.controller - INFO - Attempting to move carrier Bludcrusher
2025-04-03 00:15:12,290 - goblinball.controller - INFO - Moving offensive blockers for team Mudcrushers
2025-04-03 00:15:12,291 - goblinball.controller - INFO - Moving defensive blockers for team Skullsmashers
2025-04-03 00:17:28,226 - goblinball - INFO - Goblinball ended
