2025-04-03 11:26:58,491 - goblinball - INFO - ==================================================
2025-04-03 11:26:58,491 - goblinball - INFO - Starting Goblinball
2025-04-03 11:26:58,491 - goblinball - INFO - Python version: 3.13.2 (tags/v3.13.2:4f8bb39, Feb  4 2025, 15:23:48) [MSC v.1942 64 bit (AMD64)]
2025-04-03 11:26:58,491 - goblinball - INFO - Current working directory: C:\Users\johnm\OneDrive\Documents\goblin-ball\goblinball
2025-04-03 11:26:58,491 - goblinball - INFO - Sys path: ['C:\\Users\\johnm\\OneDrive\\Documents\\goblin-ball\\goblinball', 'C:\\Users\\johnm\\AppData\\Local\\Programs\\Python\\Python313\\python313.zip', 'C:\\Users\\johnm\\AppData\\Local\\Programs\\Python\\Python313\\DLLs', 'C:\\Users\\johnm\\AppData\\Local\\Programs\\Python\\Python313\\Lib', 'C:\\Users\\johnm\\AppData\\Local\\Programs\\Python\\Python313', 'C:\\Users\\johnm\\AppData\\Local\\Programs\\Python\\Python313\\Lib\\site-packages']
2025-04-03 11:26:58,491 - goblinball - INFO - ==================================================
2025-04-03 11:26:58,498 - goblinball - INFO - All required modules validated successfully
2025-04-03 11:26:58,498 - goblinball - INFO - Starting Goblinball
2025-04-03 11:26:58,499 - goblinball - INFO - Running from directory: C:\Users\johnm\OneDrive\Documents\goblin-ball\goblinball
2025-04-03 11:26:58,518 - goblinball.controller - INFO - Selected carrier: Skrizsquisher from team Mudcrushers
2025-04-03 11:26:58,518 - goblinball.controller - INFO - ===== Starting Play 1 =====
2025-04-03 11:26:58,518 - goblinball.controller - INFO - Selected carrier: Skrizface the Cunning from team Mudcrushers
2025-04-03 11:27:01,166 - goblinball.controller - INFO - ==== Processing Turn 1 ====
2025-04-03 11:27:01,166 - goblinball.controller - INFO - Offense Team: Mudcrushers, Defense Team: Skullsmashers
2025-04-03 11:27:01,166 - goblinball.controller - INFO - Attempting to move carrier Skrizface the Cunning
2025-04-03 11:27:01,169 - goblinball.controller - INFO - Moving offensive blockers for team Mudcrushers
2025-04-03 11:27:01,171 - goblinball.controller - INFO - Moving defensive blockers for team Skullsmashers
2025-04-03 11:27:02,362 - goblinball.controller - INFO - ==== Processing Turn 2 ====
2025-04-03 11:27:02,363 - goblinball.controller - INFO - Offense Team: Mudcrushers, Defense Team: Skullsmashers
2025-04-03 11:27:02,363 - goblinball.controller - INFO - Attempting to move carrier Skrizface the Cunning
2025-04-03 11:27:02,363 - goblinball.controller - INFO - Moving offensive blockers for team Mudcrushers
2025-04-03 11:27:02,364 - goblinball.controller - INFO - Moving defensive blockers for team Skullsmashers
2025-04-03 11:27:03,723 - goblinball.controller - INFO - ==== Processing Turn 3 ====
2025-04-03 11:27:03,723 - goblinball.controller - INFO - Offense Team: Mudcrushers, Defense Team: Skullsmashers
2025-04-03 11:27:03,723 - goblinball.controller - INFO - Attempting to move carrier Skrizface the Cunning
2025-04-03 11:27:03,723 - goblinball.controller - INFO - Moving offensive blockers for team Mudcrushers
2025-04-03 11:27:03,724 - goblinball.controller - INFO - Moving defensive blockers for team Skullsmashers
2025-04-03 11:27:05,825 - goblinball.controller - INFO - ==== Processing Turn 4 ====
2025-04-03 11:27:05,826 - goblinball.controller - INFO - Offense Team: Mudcrushers, Defense Team: Skullsmashers
2025-04-03 11:27:05,826 - goblinball.controller - INFO - Attempting to move carrier Skrizface the Cunning
2025-04-03 11:27:05,826 - goblinball.controller - INFO - Moving offensive blockers for team Mudcrushers
2025-04-03 11:27:05,827 - goblinball.controller - INFO - Moving defensive blockers for team Skullsmashers
2025-04-03 11:27:07,871 - goblinball.controller - INFO - ==== Processing Turn 5 ====
2025-04-03 11:27:07,871 - goblinball.controller - INFO - Offense Team: Mudcrushers, Defense Team: Skullsmashers
2025-04-03 11:27:07,871 - goblinball.controller - INFO - Attempting to move carrier Skrizface the Cunning
2025-04-03 11:27:07,871 - goblinball.controller - INFO - Moving offensive blockers for team Mudcrushers
2025-04-03 11:27:07,872 - goblinball.controller - INFO - Moving defensive blockers for team Skullsmashers
2025-04-03 11:27:09,130 - goblinball.controller - INFO - ==== Processing Turn 6 ====
2025-04-03 11:27:09,131 - goblinball.controller - INFO - Offense Team: Mudcrushers, Defense Team: Skullsmashers
2025-04-03 11:27:09,131 - goblinball.controller - INFO - Attempting to move carrier Skrizface the Cunning
2025-04-03 11:27:09,131 - goblinball.controller - INFO - ===== Ending Play 1 after 6 turns =====
2025-04-03 11:27:09,131 - goblinball.controller - INFO - Score: Mudcrushers 3 - 0 Skullsmashers
2025-04-03 11:27:09,131 - goblinball.controller - INFO - ===== Ending Play 1 after 6 turns =====
2025-04-03 11:27:09,131 - goblinball.controller - INFO - Score: Mudcrushers 6 - 0 Skullsmashers
2025-04-03 11:27:09,131 - goblinball.controller - INFO - Carrier Skrizface the Cunning scored! Ending play.
2025-04-03 11:27:09,131 - goblinball.controller - INFO - ===== Ending Play 1 after 6 turns =====
2025-04-03 11:27:09,131 - goblinball.controller - INFO - Score: Mudcrushers 6 - 0 Skullsmashers
2025-04-03 11:32:52,541 - goblinball - INFO - Goblinball ended
