2025-04-03 11:53:53,290 - goblinball - INFO - ==================================================
2025-04-03 11:53:53,290 - goblinball - INFO - Starting Goblinball
2025-04-03 11:53:53,290 - goblinball - INFO - Python version: 3.13.2 (tags/v3.13.2:4f8bb39, Feb  4 2025, 15:23:48) [MSC v.1942 64 bit (AMD64)]
2025-04-03 11:53:53,290 - goblinball - INFO - Current working directory: C:\Users\johnm\OneDrive\Documents\goblin-ball\goblinball
2025-04-03 11:53:53,290 - goblinball - INFO - Sys path: ['C:\\Users\\johnm\\OneDrive\\Documents\\goblin-ball\\goblinball', 'C:\\Users\\johnm\\AppData\\Local\\Programs\\Python\\Python313\\python313.zip', 'C:\\Users\\johnm\\AppData\\Local\\Programs\\Python\\Python313\\DLLs', 'C:\\Users\\johnm\\AppData\\Local\\Programs\\Python\\Python313\\Lib', 'C:\\Users\\johnm\\AppData\\Local\\Programs\\Python\\Python313', 'C:\\Users\\johnm\\AppData\\Local\\Programs\\Python\\Python313\\Lib\\site-packages']
2025-04-03 11:53:53,291 - goblinball - INFO - ==================================================
2025-04-03 11:53:53,298 - goblinball - INFO - All required modules validated successfully
2025-04-03 11:53:53,298 - goblinball - INFO - Starting Goblinball
2025-04-03 11:53:53,298 - goblinball - INFO - Running from directory: C:\Users\johnm\OneDrive\Documents\goblin-ball\goblinball
2025-04-03 11:53:53,317 - goblinball.controller - INFO - Selected carrier: Skrizstomper from team Mudcrushers
2025-04-03 11:53:53,317 - goblinball.controller - INFO - ===== Starting Play 1 =====
2025-04-03 11:53:53,317 - goblinball.controller - INFO - Selected carrier: Kraksquisher from team Mudcrushers
2025-04-03 11:53:54,327 - goblinball.controller - INFO - ==== Processing Turn 1 ====
2025-04-03 11:53:54,327 - goblinball.controller - INFO - Offense Team: Mudcrushers, Defense Team: Skullsmashers
2025-04-03 11:53:54,328 - goblinball.controller - INFO - Attempting to move carrier Kraksquisher
2025-04-03 11:53:54,331 - goblinball.controller - INFO - Moving offensive blockers for team Mudcrushers
2025-04-03 11:53:54,332 - goblinball.controller - INFO - Moving defensive blockers for team Skullsmashers
2025-04-03 11:53:54,792 - goblinball.controller - INFO - ==== Processing Turn 2 ====
2025-04-03 11:53:54,792 - goblinball.controller - INFO - Offense Team: Mudcrushers, Defense Team: Skullsmashers
2025-04-03 11:53:54,793 - goblinball.controller - INFO - Attempting to move carrier Kraksquisher
2025-04-03 11:53:54,793 - goblinball.controller - INFO - Moving offensive blockers for team Mudcrushers
2025-04-03 11:53:54,793 - goblinball.controller - INFO - Moving defensive blockers for team Skullsmashers
2025-04-03 11:53:56,261 - goblinball.controller - INFO - ==== Processing Turn 3 ====
2025-04-03 11:53:56,262 - goblinball.controller - INFO - Offense Team: Mudcrushers, Defense Team: Skullsmashers
2025-04-03 11:53:56,262 - goblinball.controller - INFO - Attempting to move carrier Kraksquisher
2025-04-03 11:53:56,262 - goblinball.controller - INFO - Moving offensive blockers for team Mudcrushers
2025-04-03 11:53:56,263 - goblinball.controller - INFO - Moving defensive blockers for team Skullsmashers
2025-04-03 11:53:57,752 - goblinball.controller - INFO - ==== Processing Turn 4 ====
2025-04-03 11:53:57,753 - goblinball.controller - INFO - Offense Team: Mudcrushers, Defense Team: Skullsmashers
2025-04-03 11:53:57,753 - goblinball.controller - INFO - Attempting to move carrier Kraksquisher
2025-04-03 11:53:57,753 - goblinball.controller - INFO - ===== Ending Play 1 after 4 turns =====
2025-04-03 11:53:57,753 - goblinball.controller - INFO - Score: Mudcrushers 0 - 0 Skullsmashers
2025-04-03 11:53:57,753 - goblinball.controller - INFO - Moving offensive blockers for team Skullsmashers
2025-04-03 11:53:57,753 - goblinball.controller - INFO - Moving defensive blockers for team Mudcrushers
2025-04-03 11:53:59,744 - goblinball - INFO - Goblinball ended
