2025-04-03 11:56:57,704 - goblinball - INFO - ==================================================
2025-04-03 11:56:57,704 - goblinball - INFO - Starting Goblinball
2025-04-03 11:56:57,704 - goblinball - INFO - Python version: 3.13.2 (tags/v3.13.2:4f8bb39, Feb  4 2025, 15:23:48) [MSC v.1942 64 bit (AMD64)]
2025-04-03 11:56:57,704 - goblinball - INFO - Current working directory: C:\Users\johnm\OneDrive\Documents\goblin-ball\goblinball
2025-04-03 11:56:57,704 - goblinball - INFO - Sys path: ['C:\\Users\\johnm\\OneDrive\\Documents\\goblin-ball\\goblinball', 'C:\\Users\\johnm\\AppData\\Local\\Programs\\Python\\Python313\\python313.zip', 'C:\\Users\\johnm\\AppData\\Local\\Programs\\Python\\Python313\\DLLs', 'C:\\Users\\johnm\\AppData\\Local\\Programs\\Python\\Python313\\Lib', 'C:\\Users\\johnm\\AppData\\Local\\Programs\\Python\\Python313', 'C:\\Users\\johnm\\AppData\\Local\\Programs\\Python\\Python313\\Lib\\site-packages']
2025-04-03 11:56:57,704 - goblinball - INFO - ==================================================
2025-04-03 11:56:57,712 - goblinball - INFO - All required modules validated successfully
2025-04-03 11:56:57,712 - goblinball - INFO - Starting Goblinball
2025-04-03 11:56:57,712 - goblinball - INFO - Running from directory: C:\Users\johnm\OneDrive\Documents\goblin-ball\goblinball
2025-04-03 11:56:57,731 - goblinball.controller - INFO - Selected carrier: Globface Honey from team Mudcrushers
2025-04-03 11:56:57,731 - goblinball.controller - INFO - ===== Starting Play 1 =====
2025-04-03 11:56:57,731 - goblinball.controller - INFO - Selected carrier: Lugcrusher from team Mudcrushers
2025-04-03 11:56:59,065 - goblinball.controller - INFO - ==== Processing Turn 1 ====
2025-04-03 11:56:59,065 - goblinball.controller - INFO - Offense Team: Mudcrushers, Defense Team: Skullsmashers
2025-04-03 11:56:59,065 - goblinball.controller - INFO - Attempting to move carrier Lugcrusher
2025-04-03 11:56:59,065 - goblinball.controller - INFO - Moving offensive blockers for team Mudcrushers
2025-04-03 11:56:59,066 - goblinball.controller - INFO - Moving defensive blockers for team Skullsmashers
2025-04-03 11:57:00,643 - goblinball.controller - INFO - ==== Processing Turn 2 ====
2025-04-03 11:57:00,643 - goblinball.controller - INFO - Offense Team: Mudcrushers, Defense Team: Skullsmashers
2025-04-03 11:57:00,643 - goblinball.controller - INFO - Attempting to move carrier Lugcrusher
2025-04-03 11:57:00,644 - goblinball.controller - INFO - Moving offensive blockers for team Mudcrushers
2025-04-03 11:57:00,645 - goblinball.controller - INFO - Moving defensive blockers for team Skullsmashers
2025-04-03 11:57:00,645 - goblinball.controller - INFO - ===== Ending Play 1 after 2 turns =====
2025-04-03 11:57:00,646 - goblinball.controller - INFO - Score: Mudcrushers 0 - 0 Skullsmashers
2025-04-03 11:58:12,786 - goblinball - INFO - Goblinball ended
