2025-04-03 11:54:18,675 - goblinball - INFO - ==================================================
2025-04-03 11:54:18,675 - goblinball - INFO - Starting Goblinball
2025-04-03 11:54:18,675 - goblinball - INFO - Python version: 3.13.2 (tags/v3.13.2:4f8bb39, Feb  4 2025, 15:23:48) [MSC v.1942 64 bit (AMD64)]
2025-04-03 11:54:18,675 - goblinball - INFO - Current working directory: C:\Users\johnm\OneDrive\Documents\goblin-ball\goblinball
2025-04-03 11:54:18,675 - goblinball - INFO - Sys path: ['C:\\Users\\johnm\\OneDrive\\Documents\\goblin-ball\\goblinball', 'C:\\Users\\johnm\\AppData\\Local\\Programs\\Python\\Python313\\python313.zip', 'C:\\Users\\johnm\\AppData\\Local\\Programs\\Python\\Python313\\DLLs', 'C:\\Users\\johnm\\AppData\\Local\\Programs\\Python\\Python313\\Lib', 'C:\\Users\\johnm\\AppData\\Local\\Programs\\Python\\Python313', 'C:\\Users\\johnm\\AppData\\Local\\Programs\\Python\\Python313\\Lib\\site-packages']
2025-04-03 11:54:18,675 - goblinball - INFO - ==================================================
2025-04-03 11:54:18,683 - goblinball - INFO - All required modules validated successfully
2025-04-03 11:54:18,683 - goblinball - INFO - Starting Goblinball
2025-04-03 11:54:18,683 - goblinball - INFO - Running from directory: C:\Users\johnm\OneDrive\Documents\goblin-ball\goblinball
2025-04-03 11:54:18,702 - goblinball.controller - INFO - Selected carrier: Skabfist Needles  from team Mudcrushers
2025-04-03 11:54:18,702 - goblinball.controller - INFO - ===== Starting Play 1 =====
2025-04-03 11:54:18,702 - goblinball.controller - INFO - Selected carrier: Zogmangler Dakkone from team Mudcrushers
2025-04-03 11:54:19,732 - goblinball.controller - INFO - ==== Processing Turn 1 ====
2025-04-03 11:54:19,732 - goblinball.controller - INFO - Offense Team: Mudcrushers, Defense Team: Skullsmashers
2025-04-03 11:54:19,732 - goblinball.controller - INFO - Attempting to move carrier Zogmangler Dakkone
2025-04-03 11:54:19,735 - goblinball.controller - INFO - Moving offensive blockers for team Mudcrushers
2025-04-03 11:54:19,736 - goblinball.controller - INFO - Moving defensive blockers for team Skullsmashers
2025-04-03 11:54:20,091 - goblinball.controller - INFO - ==== Processing Turn 2 ====
2025-04-03 11:54:20,091 - goblinball.controller - INFO - Offense Team: Mudcrushers, Defense Team: Skullsmashers
2025-04-03 11:54:20,091 - goblinball.controller - INFO - Attempting to move carrier Zogmangler Dakkone
2025-04-03 11:54:20,091 - goblinball.controller - INFO - Moving offensive blockers for team Mudcrushers
2025-04-03 11:54:20,092 - goblinball.controller - INFO - Moving defensive blockers for team Skullsmashers
2025-04-03 11:54:20,518 - goblinball.controller - INFO - ==== Processing Turn 3 ====
2025-04-03 11:54:20,518 - goblinball.controller - INFO - Offense Team: Mudcrushers, Defense Team: Skullsmashers
2025-04-03 11:54:20,518 - goblinball.controller - INFO - Attempting to move carrier Zogmangler Dakkone
2025-04-03 11:54:20,519 - goblinball.controller - INFO - Moving offensive blockers for team Mudcrushers
2025-04-03 11:54:20,519 - goblinball.controller - INFO - Moving defensive blockers for team Skullsmashers
2025-04-03 11:54:21,058 - goblinball.controller - INFO - ==== Processing Turn 4 ====
2025-04-03 11:54:21,058 - goblinball.controller - INFO - Offense Team: Mudcrushers, Defense Team: Skullsmashers
2025-04-03 11:54:21,058 - goblinball.controller - INFO - Attempting to move carrier Zogmangler Dakkone
2025-04-03 11:54:21,058 - goblinball.controller - INFO - Moving offensive blockers for team Mudcrushers
2025-04-03 11:54:21,059 - goblinball.controller - INFO - Moving defensive blockers for team Skullsmashers
2025-04-03 11:54:22,405 - goblinball.controller - INFO - ==== Processing Turn 5 ====
2025-04-03 11:54:22,405 - goblinball.controller - INFO - Offense Team: Mudcrushers, Defense Team: Skullsmashers
2025-04-03 11:54:22,405 - goblinball.controller - INFO - Attempting to move carrier Zogmangler Dakkone
2025-04-03 11:54:22,405 - goblinball.controller - INFO - ===== Ending Play 1 after 5 turns =====
2025-04-03 11:54:22,405 - goblinball.controller - INFO - Score: Mudcrushers 0 - 0 Skullsmashers
2025-04-03 11:54:22,405 - goblinball.controller - INFO - Moving offensive blockers for team Skullsmashers
2025-04-03 11:54:22,405 - goblinball.controller - INFO - Moving defensive blockers for team Mudcrushers
2025-04-03 11:54:24,190 - goblinball - INFO - Goblinball ended
