2025-04-03 11:44:15,400 - goblinball - INFO - ==================================================
2025-04-03 11:44:15,400 - goblinball - INFO - Starting Goblinball
2025-04-03 11:44:15,400 - goblinball - INFO - Python version: 3.13.2 (tags/v3.13.2:4f8bb39, Feb  4 2025, 15:23:48) [MSC v.1942 64 bit (AMD64)]
2025-04-03 11:44:15,400 - goblinball - INFO - Current working directory: C:\Users\johnm\OneDrive\Documents\goblin-ball\goblinball
2025-04-03 11:44:15,401 - goblinball - INFO - Sys path: ['C:\\Users\\johnm\\OneDrive\\Documents\\goblin-ball\\goblinball', 'C:\\Users\\johnm\\AppData\\Local\\Programs\\Python\\Python313\\python313.zip', 'C:\\Users\\johnm\\AppData\\Local\\Programs\\Python\\Python313\\DLLs', 'C:\\Users\\johnm\\AppData\\Local\\Programs\\Python\\Python313\\Lib', 'C:\\Users\\johnm\\AppData\\Local\\Programs\\Python\\Python313', 'C:\\Users\\johnm\\AppData\\Local\\Programs\\Python\\Python313\\Lib\\site-packages']
2025-04-03 11:44:15,401 - goblinball - INFO - ==================================================
2025-04-03 11:44:15,408 - goblinball - INFO - All required modules validated successfully
2025-04-03 11:44:15,408 - goblinball - INFO - Starting Goblinball
2025-04-03 11:44:15,408 - goblinball - INFO - Running from directory: C:\Users\johnm\OneDrive\Documents\goblin-ball\goblinball
2025-04-03 11:44:15,427 - goblinball.controller - INFO - Selected carrier: Skabbiter Jingleballs from team Mudcrushers
2025-04-03 11:44:15,427 - goblinball.controller - INFO - ===== Starting Play 1 =====
2025-04-03 11:44:15,428 - goblinball.controller - INFO - Selected carrier: Splatsquisher from team Mudcrushers
2025-04-03 11:44:16,847 - goblinball.controller - INFO - ==== Processing Turn 1 ====
2025-04-03 11:44:16,847 - goblinball.controller - INFO - Offense Team: Mudcrushers, Defense Team: Skullsmashers
2025-04-03 11:44:16,847 - goblinball.controller - INFO - Attempting to move carrier Splatsquisher
2025-04-03 11:44:16,848 - goblinball.controller - INFO - Moving offensive blockers for team Mudcrushers
2025-04-03 11:44:16,848 - goblinball.controller - INFO - Moving defensive blockers for team Skullsmashers
2025-04-03 11:44:18,048 - goblinball.controller - INFO - ==== Processing Turn 2 ====
2025-04-03 11:44:18,048 - goblinball.controller - INFO - Offense Team: Mudcrushers, Defense Team: Skullsmashers
2025-04-03 11:44:18,048 - goblinball.controller - INFO - Attempting to move carrier Splatsquisher
2025-04-03 11:44:18,048 - goblinball.controller - INFO - Moving offensive blockers for team Mudcrushers
2025-04-03 11:44:18,049 - goblinball.controller - INFO - Moving defensive blockers for team Skullsmashers
2025-04-03 11:44:20,407 - goblinball.controller - INFO - ==== Processing Turn 3 ====
2025-04-03 11:44:20,408 - goblinball.controller - INFO - Offense Team: Mudcrushers, Defense Team: Skullsmashers
2025-04-03 11:44:20,408 - goblinball.controller - INFO - Attempting to move carrier Splatsquisher
2025-04-03 11:44:20,408 - goblinball.controller - INFO - Moving offensive blockers for team Mudcrushers
2025-04-03 11:44:20,409 - goblinball.controller - INFO - Moving defensive blockers for team Skullsmashers
2025-04-03 11:44:22,236 - goblinball.controller - INFO - ==== Processing Turn 4 ====
2025-04-03 11:44:22,237 - goblinball.controller - INFO - Offense Team: Mudcrushers, Defense Team: Skullsmashers
2025-04-03 11:44:22,237 - goblinball.controller - INFO - Attempting to move carrier Splatsquisher
2025-04-03 11:44:22,237 - goblinball.controller - INFO - ===== Ending Play 1 after 4 turns =====
2025-04-03 11:44:22,237 - goblinball.controller - INFO - Score: Mudcrushers 3 - 0 Skullsmashers
2025-04-03 11:44:22,237 - goblinball.controller - INFO - ===== Ending Play 1 after 4 turns =====
2025-04-03 11:44:22,237 - goblinball.controller - INFO - Score: Mudcrushers 6 - 0 Skullsmashers
2025-04-03 11:44:22,237 - goblinball.controller - INFO - Carrier Splatsquisher scored! Ending play.
2025-04-03 11:44:22,237 - goblinball.controller - INFO - ===== Ending Play 1 after 4 turns =====
2025-04-03 11:44:22,237 - goblinball.controller - INFO - Score: Mudcrushers 6 - 0 Skullsmashers
2025-04-03 11:44:26,233 - goblinball - INFO - Goblinball ended
