2025-04-03 00:14:09,007 - goblinball - INFO - ==================================================
2025-04-03 00:14:09,008 - goblinball - INFO - Starting Goblinball
2025-04-03 00:14:09,008 - goblinball - INFO - Python version: 3.13.2 (tags/v3.13.2:4f8bb39, Feb  4 2025, 15:23:48) [MSC v.1942 64 bit (AMD64)]
2025-04-03 00:14:09,008 - goblinball - INFO - Current working directory: C:\Users\johnm\OneDrive\Documents\goblin-ball\goblinball
2025-04-03 00:14:09,008 - goblinball - INFO - Sys path: ['C:\\Users\\johnm\\OneDrive\\Documents\\goblin-ball\\goblinball', 'C:\\Users\\johnm\\OneDrive\\Documents\\goblin-ball', 'C:\\Users\\johnm\\AppData\\Local\\Programs\\Python\\Python313\\python313.zip', 'C:\\Users\\johnm\\AppData\\Local\\Programs\\Python\\Python313\\DLLs', 'C:\\Users\\johnm\\AppData\\Local\\Programs\\Python\\Python313\\Lib', 'C:\\Users\\johnm\\AppData\\Local\\Programs\\Python\\Python313', 'C:\\Users\\johnm\\AppData\\Local\\Programs\\Python\\Python313\\Lib\\site-packages']
2025-04-03 00:14:09,008 - goblinball - INFO - ==================================================
2025-04-03 00:14:09,039 - goblinball - INFO - All required modules validated successfully
2025-04-03 00:14:09,039 - goblinball - INFO - Starting Goblinball
2025-04-03 00:14:09,039 - goblinball - INFO - Running from directory: C:\Users\johnm\OneDrive\Documents\goblin-ball\goblinball
2025-04-03 00:14:09,074 - goblinball.controller - INFO - Selected carrier: Mugnose from team Mudcrushers
2025-04-03 00:14:09,074 - goblinball.controller - INFO - ===== Starting Play 1 =====
2025-04-03 00:14:09,074 - goblinball.controller - INFO - Selected carrier: Graksquisher from team Mudcrushers
2025-04-03 00:14:11,229 - goblinball.controller - INFO - ==== Processing Turn 1 ====
2025-04-03 00:14:11,229 - goblinball.controller - INFO - Offense Team: Mudcrushers, Defense Team: Skullsmashers
2025-04-03 00:14:11,229 - goblinball.controller - INFO - Attempting to move carrier Graksquisher
2025-04-03 00:14:11,230 - goblinball.controller - INFO - Moving offensive blockers for team Mudcrushers
2025-04-03 00:14:11,233 - goblinball.controller - INFO - Moving defensive blockers for team Skullsmashers
2025-04-03 00:14:11,727 - goblinball.controller - INFO - ==== Processing Turn 2 ====
2025-04-03 00:14:11,729 - goblinball.controller - INFO - Offense Team: Mudcrushers, Defense Team: Skullsmashers
2025-04-03 00:14:11,729 - goblinball.controller - INFO - Attempting to move carrier Graksquisher
2025-04-03 00:14:11,730 - goblinball.controller - INFO - Moving offensive blockers for team Mudcrushers
2025-04-03 00:14:11,731 - goblinball.controller - INFO - Moving defensive blockers for team Skullsmashers
2025-04-03 00:14:11,731 - goblinball.controller - INFO - ===== Ending Play 1 after 2 turns =====
2025-04-03 00:14:11,732 - goblinball.controller - INFO - Score: Mudcrushers 0 - 0 Skullsmashers
2025-04-03 00:14:20,963 - goblinball.controller - INFO - ===== Starting Play 2 =====
2025-04-03 00:14:20,963 - goblinball.controller - INFO - Selected carrier: Splatchewer Aviel from team Skullsmashers
2025-04-03 00:14:20,963 - goblinball - CRITICAL - Unhandled exception: 'NoneType' object has no attribute 'name'
2025-04-03 00:14:20,989 - goblinball - CRITICAL - Traceback (most recent call last):
  File "C:\Users\johnm\OneDrive\Documents\goblin-ball\goblinball\main.py", line 554, in main
    renderer.run()
    ~~~~~~~~~~~~^^
  File "C:\Users\johnm\OneDrive\Documents\goblin-ball\goblinball\renderer.py", line 390, in run
    self.handle_click(event.pos)
    ~~~~~~~~~~~~~~~~~^^^^^^^^^^^
  File "C:\Users\johnm\OneDrive\Documents\goblin-ball\goblinball\renderer.py", line 347, in handle_click
    self.new_play()
    ~~~~~~~~~~~~~^^
  File "C:\Users\johnm\OneDrive\Documents\goblin-ball\goblinball\renderer.py", line 321, in new_play
    self.game.controller.start_play()
    ~~~~~~~~~~~~~~~~~~~~~~~~~~~~~~~^^
  File "C:\Users\johnm\OneDrive\Documents\goblin-ball\goblinball\game_controller.py", line 50, in start_play
    self.game.event_manager.create_and_dispatch("play_start", {
    ~~~~~~~~~~~~~~~~~~~~~~~~~~~~~~~~~~~~~~~~~~~^^^^^^^^^^^^^^^^
        "play_number": self.game.current_play,
        ^^^^^^^^^^^^^^^^^^^^^^^^^^^^^^^^^^^^^^
        "offense_team": self.game.offense_team.name,
        ^^^^^^^^^^^^^^^^^^^^^^^^^^^^^^^^^^^^^^^^^^^^
        "carrier": self.game.offense_team.get_carrier().name
        ^^^^^^^^^^^^^^^^^^^^^^^^^^^^^^^^^^^^^^^^^^^^^^^^^^^^
    })
    ^^
  File "C:\Users\johnm\OneDrive\Documents\goblin-ball\goblinball\event.py", line 64, in create_and_dispatch
    self.dispatch(event)
    ~~~~~~~~~~~~~^^^^^^^
  File "C:\Users\johnm\OneDrive\Documents\goblin-ball\goblinball\event.py", line 59, in dispatch
    callback(event)
    ~~~~~~~~^^^^^^^
  File "C:\Users\johnm\OneDrive\Documents\goblin-ball\goblinball\renderer.py", line 127, in handle_game_event
    text = self.format_event_message(event)
  File "C:\Users\johnm\OneDrive\Documents\goblin-ball\goblinball\renderer.py", line 255, in format_event_message
    return f"Play started! {offense.name} on offense."
                            ^^^^^^^^^^^^
AttributeError: 'NoneType' object has no attribute 'name'

2025-04-03 00:14:20,989 - goblinball - INFO - Goblinball ended
