2025-04-03 11:41:26,361 - goblinball - INFO - ==================================================
2025-04-03 11:41:26,361 - goblinball - INFO - Starting Goblinball
2025-04-03 11:41:26,361 - goblinball - INFO - Python version: 3.13.2 (tags/v3.13.2:4f8bb39, Feb  4 2025, 15:23:48) [MSC v.1942 64 bit (AMD64)]
2025-04-03 11:41:26,361 - goblinball - INFO - Current working directory: C:\Users\johnm\OneDrive\Documents\goblin-ball\goblinball
2025-04-03 11:41:26,361 - goblinball - INFO - Sys path: ['C:\\Users\\johnm\\OneDrive\\Documents\\goblin-ball\\goblinball', 'C:\\Users\\johnm\\AppData\\Local\\Programs\\Python\\Python313\\python313.zip', 'C:\\Users\\johnm\\AppData\\Local\\Programs\\Python\\Python313\\DLLs', 'C:\\Users\\johnm\\AppData\\Local\\Programs\\Python\\Python313\\Lib', 'C:\\Users\\johnm\\AppData\\Local\\Programs\\Python\\Python313', 'C:\\Users\\johnm\\AppData\\Local\\Programs\\Python\\Python313\\Lib\\site-packages']
2025-04-03 11:41:26,362 - goblinball - INFO - ==================================================
2025-04-03 11:41:26,369 - goblinball - INFO - All required modules validated successfully
2025-04-03 11:41:26,369 - goblinball - INFO - Starting Goblinball
2025-04-03 11:41:26,369 - goblinball - INFO - Running from directory: C:\Users\johnm\OneDrive\Documents\goblin-ball\goblinball
2025-04-03 11:41:26,389 - goblinball.controller - INFO - Selected carrier: Zogstabber Banjo from team Mudcrushers
2025-04-03 11:41:26,389 - goblinball.controller - INFO - ===== Starting Play 1 =====
2025-04-03 11:41:26,389 - goblinball.controller - INFO - Selected carrier: Globnose Trix the Tough from team Mudcrushers
2025-04-03 11:41:27,428 - goblinball.controller - INFO - ==== Processing Turn 1 ====
2025-04-03 11:41:27,428 - goblinball.controller - INFO - Offense Team: Mudcrushers, Defense Team: Skullsmashers
2025-04-03 11:41:27,429 - goblinball.controller - INFO - Attempting to move carrier Globnose Trix the Tough
2025-04-03 11:41:27,432 - goblinball.controller - INFO - Moving offensive blockers for team Mudcrushers
2025-04-03 11:41:27,433 - goblinball.controller - INFO - Moving defensive blockers for team Skullsmashers
2025-04-03 11:41:27,988 - goblinball.controller - INFO - ==== Processing Turn 2 ====
2025-04-03 11:41:27,988 - goblinball.controller - INFO - Offense Team: Mudcrushers, Defense Team: Skullsmashers
2025-04-03 11:41:27,988 - goblinball.controller - INFO - Attempting to move carrier Globnose Trix the Tough
2025-04-03 11:41:27,988 - goblinball.controller - INFO - Moving offensive blockers for team Mudcrushers
2025-04-03 11:41:27,989 - goblinball.controller - INFO - Moving defensive blockers for team Skullsmashers
2025-04-03 11:41:28,551 - goblinball.controller - INFO - ==== Processing Turn 3 ====
2025-04-03 11:41:28,551 - goblinball.controller - INFO - Offense Team: Mudcrushers, Defense Team: Skullsmashers
2025-04-03 11:41:28,552 - goblinball.controller - INFO - Attempting to move carrier Globnose Trix the Tough
2025-04-03 11:41:28,552 - goblinball.controller - INFO - Moving offensive blockers for team Mudcrushers
2025-04-03 11:41:28,553 - goblinball.controller - INFO - Moving defensive blockers for team Skullsmashers
2025-04-03 11:41:29,481 - goblinball.controller - INFO - ==== Processing Turn 4 ====
2025-04-03 11:41:29,481 - goblinball.controller - INFO - Offense Team: Mudcrushers, Defense Team: Skullsmashers
2025-04-03 11:41:29,482 - goblinball.controller - INFO - Attempting to move carrier Globnose Trix the Tough
2025-04-03 11:41:29,482 - goblinball.controller - INFO - Moving offensive blockers for team Mudcrushers
2025-04-03 11:41:29,483 - goblinball.controller - INFO - Moving defensive blockers for team Skullsmashers
2025-04-03 11:41:30,233 - goblinball.controller - INFO - ==== Processing Turn 5 ====
2025-04-03 11:41:30,233 - goblinball.controller - INFO - Offense Team: Mudcrushers, Defense Team: Skullsmashers
2025-04-03 11:41:30,233 - goblinball.controller - INFO - Attempting to move carrier Globnose Trix the Tough
2025-04-03 11:41:30,234 - goblinball.controller - INFO - Moving offensive blockers for team Mudcrushers
2025-04-03 11:41:30,235 - goblinball.controller - INFO - Moving defensive blockers for team Skullsmashers
2025-04-03 11:41:36,159 - goblinball.controller - INFO - ==== Processing Turn 6 ====
2025-04-03 11:41:36,159 - goblinball.controller - INFO - Offense Team: Mudcrushers, Defense Team: Skullsmashers
2025-04-03 11:41:36,160 - goblinball.controller - INFO - Attempting to move carrier Globnose Trix the Tough
2025-04-03 11:41:36,160 - goblinball.controller - INFO - Moving offensive blockers for team Mudcrushers
2025-04-03 11:41:36,160 - goblinball.controller - INFO - Moving defensive blockers for team Skullsmashers
2025-04-03 11:41:37,782 - goblinball.controller - INFO - ==== Processing Turn 7 ====
2025-04-03 11:41:37,783 - goblinball.controller - INFO - Offense Team: Mudcrushers, Defense Team: Skullsmashers
2025-04-03 11:41:37,783 - goblinball.controller - INFO - Attempting to move carrier Globnose Trix the Tough
2025-04-03 11:41:37,783 - goblinball.controller - INFO - Moving offensive blockers for team Mudcrushers
2025-04-03 11:41:37,783 - goblinball.controller - INFO - Moving defensive blockers for team Skullsmashers
2025-04-03 11:41:37,784 - goblinball.controller - INFO - ===== Ending Play 1 after 7 turns =====
2025-04-03 11:41:37,784 - goblinball.controller - INFO - Score: Mudcrushers 0 - 0 Skullsmashers
2025-04-03 11:41:41,848 - goblinball - INFO - Goblinball ended
