2025-04-03 15:37:40,263 - goblinball - INFO - ==================================================
2025-04-03 15:37:40,264 - goblinball - INFO - Starting Goblinball
2025-04-03 15:37:40,264 - goblinball - INFO - Python version: 3.13.2 (tags/v3.13.2:4f8bb39, Feb  4 2025, 15:23:48) [MSC v.1942 64 bit (AMD64)]
2025-04-03 15:37:40,264 - goblinball - INFO - Current working directory: C:\Users\johnm\OneDrive\Documents\goblin-ball\goblinball
2025-04-03 15:37:40,264 - goblinball - INFO - Sys path: ['C:\\Users\\johnm\\OneDrive\\Documents\\goblin-ball\\goblinball', 'C:\\Users\\johnm\\AppData\\Local\\Programs\\Python\\Python313\\python313.zip', 'C:\\Users\\johnm\\AppData\\Local\\Programs\\Python\\Python313\\DLLs', 'C:\\Users\\johnm\\AppData\\Local\\Programs\\Python\\Python313\\Lib', 'C:\\Users\\johnm\\AppData\\Local\\Programs\\Python\\Python313', 'C:\\Users\\johnm\\AppData\\Local\\Programs\\Python\\Python313\\Lib\\site-packages']
2025-04-03 15:37:40,264 - goblinball - INFO - ==================================================
2025-04-03 15:37:40,271 - goblinball - INFO - All required modules validated successfully
2025-04-03 15:37:40,271 - goblinball - INFO - Starting Goblinball
2025-04-03 15:37:40,271 - goblinball - INFO - Running from directory: C:\Users\johnm\OneDrive\Documents\goblin-ball\goblinball
2025-04-03 15:37:40,291 - goblinball.controller - INFO - Selected carrier: Wortsquisher Wraythe from team Mudcrushers
2025-04-03 15:37:40,291 - goblinball.controller - INFO - ===== Starting Play 1 =====
2025-04-03 15:37:40,291 - goblinball.controller - INFO - Selected carrier: Stabgulper  from team Mudcrushers
2025-04-03 15:37:41,259 - goblinball.controller - INFO - ==== Processing Turn 1 ====
2025-04-03 15:37:41,260 - goblinball.controller - INFO - Offense Team: Mudcrushers, Defense Team: Skullsmashers
2025-04-03 15:37:41,260 - goblinball.controller - INFO - Attempting to move carrier Stabgulper 
2025-04-03 15:37:41,261 - goblinball.carrier - INFO - Field goal attempt by Stabgulper  from distance 9
2025-04-03 15:37:41,261 - goblinball.carrier - INFO - Base chance: 0.10, Dexterity mod: -0.05
2025-04-03 15:37:41,261 - goblinball.carrier - INFO - Defender ZOC penalty: -0.00, Path ZOC penalty: -0.20
2025-04-03 15:37:41,261 - goblinball.carrier - INFO - Final chance: 0.05, Roll: 0.51, Result: FAIL
2025-04-03 15:37:41,261 - goblinball.controller - INFO - ===== Ending Play 1 after 1 turns =====
2025-04-03 15:37:41,262 - goblinball.controller - INFO - Score: Mudcrushers 0 - 0 Skullsmashers
2025-04-03 15:37:41,262 - goblinball.controller - INFO - Moving offensive blockers for team Skullsmashers
2025-04-03 15:37:41,265 - goblinball.controller - INFO - Moving defensive blockers for team Mudcrushers
2025-04-03 15:37:42,911 - goblinball - INFO - Goblinball ended
