2025-04-02 23:55:10,927 - goblinball - INFO - All required modules validated successfully
2025-04-02 23:55:10,927 - goblinball - INFO - Starting Goblinball
2025-04-02 23:55:10,927 - goblinball - INFO - Running from directory: C:\Users\johnm\OneDrive\Documents\goblin-ball\goblinball
2025-04-02 23:55:10,948 - goblinball.controller - INFO - Selected carrier: Stabskull Nachaloa from team Mudcrushers
2025-04-02 23:55:10,948 - goblinball.controller - INFO - ===== Starting Play 1 =====
2025-04-02 23:55:10,948 - goblinball.controller - INFO - Selected carrier: Stabgob Juckson from team Mudcrushers
2025-04-02 23:55:12,928 - goblinball.controller - INFO - ==== Processing Turn 1 ====
2025-04-02 23:55:12,928 - goblinball.controller - INFO - Offense Team: Mudcrushers, Defense Team: Skullsmashers
2025-04-02 23:55:12,928 - goblinball.controller - INFO - Attempting to move carrier Stabgob Juckson
2025-04-02 23:55:12,929 - goblinball.controller - INFO - Moving offensive blockers for team Mudcrushers
2025-04-02 23:55:12,932 - goblinball.controller - INFO - Moving defensive blockers for team Skullsmashers
2025-04-02 23:55:13,561 - goblinball.controller - INFO - ==== Processing Turn 2 ====
2025-04-02 23:55:13,561 - goblinball.controller - INFO - Offense Team: Mudcrushers, Defense Team: Skullsmashers
2025-04-02 23:55:13,561 - goblinball.controller - INFO - Attempting to move carrier Stabgob Juckson
2025-04-02 23:55:13,561 - goblinball.controller - INFO - Moving offensive blockers for team Mudcrushers
2025-04-02 23:55:13,562 - goblinball.controller - INFO - Moving defensive blockers for team Skullsmashers
2025-04-02 23:55:14,420 - goblinball.controller - INFO - ==== Processing Turn 3 ====
2025-04-02 23:55:14,420 - goblinball.controller - INFO - Offense Team: Mudcrushers, Defense Team: Skullsmashers
2025-04-02 23:55:14,420 - goblinball.controller - INFO - Attempting to move carrier Stabgob Juckson
2025-04-02 23:55:14,420 - goblinball.controller - INFO - Moving offensive blockers for team Mudcrushers
2025-04-02 23:55:14,421 - goblinball.controller - INFO - Moving defensive blockers for team Skullsmashers
2025-04-02 23:55:16,007 - goblinball.controller - INFO - ==== Processing Turn 4 ====
2025-04-02 23:55:16,007 - goblinball.controller - INFO - Offense Team: Mudcrushers, Defense Team: Skullsmashers
2025-04-02 23:55:16,007 - goblinball.controller - INFO - Attempting to move carrier Stabgob Juckson
2025-04-02 23:55:16,007 - goblinball.controller - INFO - Moving offensive blockers for team Mudcrushers
2025-04-02 23:55:16,007 - goblinball.controller - INFO - Moving defensive blockers for team Skullsmashers
2025-04-02 23:55:16,008 - goblinball.controller - INFO - ===== Ending Play 1 after 4 turns =====
2025-04-02 23:55:16,008 - goblinball.controller - INFO - Score: Mudcrushers 0 - 0 Skullsmashers
2025-04-02 23:55:36,958 - goblinball.controller - INFO - ===== Starting Play 2 =====
2025-04-02 23:55:36,958 - goblinball.controller - INFO - Selected carrier: Grubskull Amorine the Sneaky from team Skullsmashers
2025-04-02 23:55:36,958 - goblinball - CRITICAL - Unhandled exception: 'NoneType' object has no attribute 'name'
2025-04-02 23:55:36,963 - goblinball - CRITICAL - Traceback (most recent call last):
  File "C:\Users\johnm\OneDrive\Documents\goblin-ball\goblinball\main.py", line 540, in main
    renderer.run()
    ~~~~~~~~~~~~^^
  File "C:\Users\johnm\OneDrive\Documents\goblin-ball\goblinball\renderer.py", line 390, in run
    self.handle_click(event.pos)
    ~~~~~~~~~~~~~~~~~^^^^^^^^^^^
  File "C:\Users\johnm\OneDrive\Documents\goblin-ball\goblinball\renderer.py", line 347, in handle_click
    self.new_play()
    ~~~~~~~~~~~~~^^
  File "C:\Users\johnm\OneDrive\Documents\goblin-ball\goblinball\renderer.py", line 321, in new_play
    self.game.controller.start_play()
    ~~~~~~~~~~~~~~~~~~~~~~~~~~~~~~~^^
  File "C:\Users\johnm\OneDrive\Documents\goblin-ball\goblinball\game_controller.py", line 50, in start_play
    self.game.event_manager.create_and_dispatch("play_start", {
    ~~~~~~~~~~~~~~~~~~~~~~~~~~~~~~~~~~~~~~~~~~~^^^^^^^^^^^^^^^^
        "play_number": self.game.current_play,
        ^^^^^^^^^^^^^^^^^^^^^^^^^^^^^^^^^^^^^^
        "offense_team": self.game.offense_team.name,
        ^^^^^^^^^^^^^^^^^^^^^^^^^^^^^^^^^^^^^^^^^^^^
        "carrier": self.game.offense_team.get_carrier().name
        ^^^^^^^^^^^^^^^^^^^^^^^^^^^^^^^^^^^^^^^^^^^^^^^^^^^^
    })
    ^^
  File "C:\Users\johnm\OneDrive\Documents\goblin-ball\goblinball\event.py", line 64, in create_and_dispatch
    self.dispatch(event)
    ~~~~~~~~~~~~~^^^^^^^
  File "C:\Users\johnm\OneDrive\Documents\goblin-ball\goblinball\event.py", line 59, in dispatch
    callback(event)
    ~~~~~~~~^^^^^^^
  File "C:\Users\johnm\OneDrive\Documents\goblin-ball\goblinball\renderer.py", line 127, in handle_game_event
    text = self.format_event_message(event)
  File "C:\Users\johnm\OneDrive\Documents\goblin-ball\goblinball\renderer.py", line 255, in format_event_message
    return f"Play started! {offense.name} on offense."
                            ^^^^^^^^^^^^
AttributeError: 'NoneType' object has no attribute 'name'

2025-04-02 23:55:36,963 - goblinball - INFO - Goblinball ended
