2025-04-03 00:20:13,064 - goblinball - INFO - ==================================================
2025-04-03 00:20:13,064 - goblinball - INFO - Starting Goblinball
2025-04-03 00:20:13,064 - goblinball - INFO - Python version: 3.13.2 (tags/v3.13.2:4f8bb39, Feb  4 2025, 15:23:48) [MSC v.1942 64 bit (AMD64)]
2025-04-03 00:20:13,064 - goblinball - INFO - Current working directory: C:\Users\johnm\OneDrive\Documents\goblin-ball\goblinball
2025-04-03 00:20:13,065 - goblinball - INFO - Sys path: ['C:\\Users\\johnm\\OneDrive\\Documents\\goblin-ball\\goblinball', 'C:\\Users\\johnm\\OneDrive\\Documents\\goblin-ball', 'C:\\Users\\johnm\\AppData\\Local\\Programs\\Python\\Python313\\python313.zip', 'C:\\Users\\johnm\\AppData\\Local\\Programs\\Python\\Python313\\DLLs', 'C:\\Users\\johnm\\AppData\\Local\\Programs\\Python\\Python313\\Lib', 'C:\\Users\\johnm\\AppData\\Local\\Programs\\Python\\Python313', 'C:\\Users\\johnm\\AppData\\Local\\Programs\\Python\\Python313\\Lib\\site-packages']
2025-04-03 00:20:13,065 - goblinball - INFO - ==================================================
2025-04-03 00:20:13,073 - goblinball - INFO - All required modules validated successfully
2025-04-03 00:20:13,073 - goblinball - INFO - Starting Goblinball
2025-04-03 00:20:13,074 - goblinball - INFO - Running from directory: C:\Users\johnm\OneDrive\Documents\goblin-ball\goblinball
2025-04-03 00:20:13,093 - goblinball.controller - INFO - Selected carrier: Globstomper Finn from team Mudcrushers
2025-04-03 00:20:13,093 - goblinball.controller - INFO - ===== Starting Play 1 =====
2025-04-03 00:20:13,093 - goblinball.controller - INFO - Selected carrier: Zogsquisher Hartie from team Mudcrushers
2025-04-03 00:20:14,530 - goblinball.controller - INFO - ==== Processing Turn 1 ====
2025-04-03 00:20:14,530 - goblinball.controller - INFO - Offense Team: Mudcrushers, Defense Team: Skullsmashers
2025-04-03 00:20:14,530 - goblinball.controller - INFO - Attempting to move carrier Zogsquisher Hartie
2025-04-03 00:20:14,531 - goblinball.controller - INFO - Moving offensive blockers for team Mudcrushers
2025-04-03 00:20:14,531 - goblinball.controller - INFO - Moving defensive blockers for team Skullsmashers
2025-04-03 00:20:14,998 - goblinball.controller - INFO - ==== Processing Turn 2 ====
2025-04-03 00:20:14,998 - goblinball.controller - INFO - Offense Team: Mudcrushers, Defense Team: Skullsmashers
2025-04-03 00:20:14,998 - goblinball.controller - INFO - Attempting to move carrier Zogsquisher Hartie
2025-04-03 00:20:14,998 - goblinball.controller - INFO - Moving offensive blockers for team Mudcrushers
2025-04-03 00:20:14,999 - goblinball.controller - INFO - Moving defensive blockers for team Skullsmashers
2025-04-03 00:20:15,907 - goblinball.controller - INFO - ==== Processing Turn 3 ====
2025-04-03 00:20:15,907 - goblinball.controller - INFO - Offense Team: Mudcrushers, Defense Team: Skullsmashers
2025-04-03 00:20:15,907 - goblinball.controller - INFO - Attempting to move carrier Zogsquisher Hartie
2025-04-03 00:20:15,907 - goblinball.controller - INFO - Moving offensive blockers for team Mudcrushers
2025-04-03 00:20:15,908 - goblinball.controller - INFO - Moving defensive blockers for team Skullsmashers
2025-04-03 00:20:19,632 - goblinball.controller - INFO - ==== Processing Turn 4 ====
2025-04-03 00:20:19,632 - goblinball.controller - INFO - Offense Team: Mudcrushers, Defense Team: Skullsmashers
2025-04-03 00:20:19,633 - goblinball.controller - INFO - Attempting to move carrier Zogsquisher Hartie
2025-04-03 00:20:19,633 - goblinball.controller - INFO - Moving offensive blockers for team Mudcrushers
2025-04-03 00:20:19,633 - goblinball.controller - INFO - Moving defensive blockers for team Skullsmashers
2025-04-03 00:20:24,473 - goblinball.controller - INFO - ==== Processing Turn 5 ====
2025-04-03 00:20:24,473 - goblinball.controller - INFO - Offense Team: Mudcrushers, Defense Team: Skullsmashers
2025-04-03 00:20:24,473 - goblinball.controller - INFO - Attempting to move carrier Zogsquisher Hartie
2025-04-03 00:20:24,473 - goblinball.controller - INFO - Moving offensive blockers for team Mudcrushers
2025-04-03 00:20:24,474 - goblinball.controller - INFO - Moving defensive blockers for team Skullsmashers
2025-04-03 00:20:26,412 - goblinball.controller - INFO - ==== Processing Turn 6 ====
2025-04-03 00:20:26,412 - goblinball.controller - INFO - Offense Team: Mudcrushers, Defense Team: Skullsmashers
2025-04-03 00:20:26,413 - goblinball.controller - INFO - Attempting to move carrier Zogsquisher Hartie
2025-04-03 00:20:26,413 - goblinball.controller - INFO - Moving offensive blockers for team Mudcrushers
2025-04-03 00:20:26,413 - goblinball.controller - INFO - Moving defensive blockers for team Skullsmashers
2025-04-03 00:20:27,129 - goblinball.controller - INFO - ==== Processing Turn 7 ====
2025-04-03 00:20:27,130 - goblinball.controller - INFO - Offense Team: Mudcrushers, Defense Team: Skullsmashers
2025-04-03 00:20:27,130 - goblinball.controller - INFO - Attempting to move carrier Zogsquisher Hartie
2025-04-03 00:20:27,130 - goblinball.controller - INFO - Moving offensive blockers for team Mudcrushers
2025-04-03 00:20:27,130 - goblinball.controller - INFO - Moving defensive blockers for team Skullsmashers
2025-04-03 00:29:12,724 - goblinball.controller - INFO - ==== Processing Turn 8 ====
2025-04-03 00:29:12,724 - goblinball.controller - INFO - Offense Team: Mudcrushers, Defense Team: Skullsmashers
2025-04-03 00:29:12,724 - goblinball.controller - INFO - Attempting to move carrier Zogsquisher Hartie
2025-04-03 00:29:12,725 - goblinball.controller - INFO - Moving offensive blockers for team Mudcrushers
2025-04-03 00:29:12,725 - goblinball.controller - INFO - Moving defensive blockers for team Skullsmashers
2025-04-03 00:29:15,370 - goblinball.controller - INFO - ==== Processing Turn 9 ====
2025-04-03 00:29:15,370 - goblinball.controller - INFO - Offense Team: Mudcrushers, Defense Team: Skullsmashers
2025-04-03 00:29:15,370 - goblinball.controller - INFO - Attempting to move carrier Zogsquisher Hartie
2025-04-03 00:29:15,370 - goblinball.controller - INFO - Moving offensive blockers for team Mudcrushers
2025-04-03 00:29:15,371 - goblinball.controller - INFO - Moving defensive blockers for team Skullsmashers
2025-04-03 00:30:26,596 - goblinball - INFO - Goblinball ended
