2025-04-03 00:19:26,323 - goblinball - INFO - ==================================================
2025-04-03 00:19:26,323 - goblinball - INFO - Starting Goblinball
2025-04-03 00:19:26,323 - goblinball - INFO - Python version: 3.13.2 (tags/v3.13.2:4f8bb39, Feb  4 2025, 15:23:48) [MSC v.1942 64 bit (AMD64)]
2025-04-03 00:19:26,323 - goblinball - INFO - Current working directory: C:\Users\johnm\OneDrive\Documents\goblin-ball\goblinball
2025-04-03 00:19:26,323 - goblinball - INFO - Sys path: ['C:\\Users\\johnm\\OneDrive\\Documents\\goblin-ball\\goblinball', 'C:\\Users\\johnm\\OneDrive\\Documents\\goblin-ball', 'C:\\Users\\johnm\\AppData\\Local\\Programs\\Python\\Python313\\python313.zip', 'C:\\Users\\johnm\\AppData\\Local\\Programs\\Python\\Python313\\DLLs', 'C:\\Users\\johnm\\AppData\\Local\\Programs\\Python\\Python313\\Lib', 'C:\\Users\\johnm\\AppData\\Local\\Programs\\Python\\Python313', 'C:\\Users\\johnm\\AppData\\Local\\Programs\\Python\\Python313\\Lib\\site-packages']
2025-04-03 00:19:26,324 - goblinball - INFO - ==================================================
2025-04-03 00:19:26,341 - goblinball - INFO - All required modules validated successfully
2025-04-03 00:19:26,341 - goblinball - INFO - Starting Goblinball
2025-04-03 00:19:26,341 - goblinball - INFO - Running from directory: C:\Users\johnm\OneDrive\Documents\goblin-ball\goblinball
2025-04-03 00:19:26,361 - goblinball.controller - INFO - Selected carrier: Wortchewer from team Mudcrushers
2025-04-03 00:19:26,361 - goblinball.controller - INFO - ===== Starting Play 1 =====
2025-04-03 00:19:26,361 - goblinball.controller - INFO - Selected carrier: Lugfoot from team Mudcrushers
2025-04-03 00:19:27,934 - goblinball.controller - INFO - ==== Processing Turn 1 ====
2025-04-03 00:19:27,934 - goblinball.controller - INFO - Offense Team: Mudcrushers, Defense Team: Skullsmashers
2025-04-03 00:19:27,934 - goblinball.controller - INFO - Attempting to move carrier Lugfoot
2025-04-03 00:19:27,934 - goblinball.controller - INFO - Moving offensive blockers for team Mudcrushers
2025-04-03 00:19:27,937 - goblinball.controller - INFO - Moving defensive blockers for team Skullsmashers
2025-04-03 00:19:28,777 - goblinball.controller - INFO - ==== Processing Turn 2 ====
2025-04-03 00:19:28,777 - goblinball.controller - INFO - Offense Team: Mudcrushers, Defense Team: Skullsmashers
2025-04-03 00:19:28,777 - goblinball.controller - INFO - Attempting to move carrier Lugfoot
2025-04-03 00:19:28,777 - goblinball.controller - INFO - Moving offensive blockers for team Mudcrushers
2025-04-03 00:19:28,778 - goblinball.controller - INFO - Moving defensive blockers for team Skullsmashers
2025-04-03 00:19:29,590 - goblinball.controller - INFO - ==== Processing Turn 3 ====
2025-04-03 00:19:29,591 - goblinball.controller - INFO - Offense Team: Mudcrushers, Defense Team: Skullsmashers
2025-04-03 00:19:29,591 - goblinball.controller - INFO - Attempting to move carrier Lugfoot
2025-04-03 00:19:29,591 - goblinball.controller - INFO - Moving offensive blockers for team Mudcrushers
2025-04-03 00:19:29,591 - goblinball.controller - INFO - Moving defensive blockers for team Skullsmashers
2025-04-03 00:19:30,564 - goblinball.controller - INFO - ==== Processing Turn 4 ====
2025-04-03 00:19:30,564 - goblinball.controller - INFO - Offense Team: Mudcrushers, Defense Team: Skullsmashers
2025-04-03 00:19:30,564 - goblinball.controller - INFO - Attempting to move carrier Lugfoot
2025-04-03 00:19:30,565 - goblinball.controller - INFO - Moving offensive blockers for team Mudcrushers
2025-04-03 00:19:30,565 - goblinball.controller - INFO - Moving defensive blockers for team Skullsmashers
2025-04-03 00:19:32,115 - goblinball.controller - INFO - ==== Processing Turn 5 ====
2025-04-03 00:19:32,116 - goblinball.controller - INFO - Offense Team: Mudcrushers, Defense Team: Skullsmashers
2025-04-03 00:19:32,116 - goblinball.controller - INFO - Attempting to move carrier Lugfoot
2025-04-03 00:19:32,116 - goblinball.controller - INFO - Moving offensive blockers for team Mudcrushers
2025-04-03 00:19:32,116 - goblinball.controller - INFO - Moving defensive blockers for team Skullsmashers
2025-04-03 00:19:33,039 - goblinball.controller - INFO - ==== Processing Turn 6 ====
2025-04-03 00:19:33,039 - goblinball.controller - INFO - Offense Team: Mudcrushers, Defense Team: Skullsmashers
2025-04-03 00:19:33,039 - goblinball.controller - INFO - Attempting to move carrier Lugfoot
2025-04-03 00:19:33,039 - goblinball.controller - INFO - Moving offensive blockers for team Mudcrushers
2025-04-03 00:19:33,040 - goblinball.controller - INFO - Moving defensive blockers for team Skullsmashers
2025-04-03 00:19:33,965 - goblinball.controller - INFO - ==== Processing Turn 7 ====
2025-04-03 00:19:33,965 - goblinball.controller - INFO - Offense Team: Mudcrushers, Defense Team: Skullsmashers
2025-04-03 00:19:33,966 - goblinball.controller - INFO - Attempting to move carrier Lugfoot
2025-04-03 00:19:33,966 - goblinball.controller - INFO - Moving offensive blockers for team Mudcrushers
2025-04-03 00:19:33,966 - goblinball.controller - INFO - Moving defensive blockers for team Skullsmashers
2025-04-03 00:19:34,604 - goblinball.controller - INFO - ==== Processing Turn 8 ====
2025-04-03 00:19:34,604 - goblinball.controller - INFO - Offense Team: Mudcrushers, Defense Team: Skullsmashers
2025-04-03 00:19:34,604 - goblinball.controller - INFO - Attempting to move carrier Lugfoot
2025-04-03 00:19:34,604 - goblinball.controller - INFO - Moving offensive blockers for team Mudcrushers
2025-04-03 00:19:34,604 - goblinball.controller - INFO - Moving defensive blockers for team Skullsmashers
2025-04-03 00:19:35,329 - goblinball.controller - INFO - ==== Processing Turn 9 ====
2025-04-03 00:19:35,329 - goblinball.controller - INFO - Offense Team: Mudcrushers, Defense Team: Skullsmashers
2025-04-03 00:19:35,329 - goblinball.controller - INFO - Attempting to move carrier Lugfoot
2025-04-03 00:19:35,330 - goblinball.controller - INFO - Moving offensive blockers for team Mudcrushers
2025-04-03 00:19:35,330 - goblinball.controller - INFO - Moving defensive blockers for team Skullsmashers
2025-04-03 00:19:38,784 - goblinball.controller - INFO - ==== Processing Turn 10 ====
2025-04-03 00:19:38,785 - goblinball.controller - INFO - Offense Team: Mudcrushers, Defense Team: Skullsmashers
2025-04-03 00:19:38,785 - goblinball.controller - INFO - Attempting to move carrier Lugfoot
2025-04-03 00:19:38,785 - goblinball.controller - INFO - Moving offensive blockers for team Mudcrushers
2025-04-03 00:19:38,785 - goblinball.controller - INFO - Moving defensive blockers for team Skullsmashers
2025-04-03 00:19:38,785 - goblinball.controller - INFO - ===== Ending Play 1 after 10 turns =====
2025-04-03 00:19:38,786 - goblinball.controller - INFO - Score: Mudcrushers 0 - 0 Skullsmashers
2025-04-03 00:19:45,656 - goblinball - INFO - Goblinball ended
