2025-04-03 11:45:43,642 - goblinball - INFO - ==================================================
2025-04-03 11:45:43,642 - goblinball - INFO - Starting Goblinball
2025-04-03 11:45:43,642 - goblinball - INFO - Python version: 3.13.2 (tags/v3.13.2:4f8bb39, Feb  4 2025, 15:23:48) [MSC v.1942 64 bit (AMD64)]
2025-04-03 11:45:43,642 - goblinball - INFO - Current working directory: C:\Users\johnm\OneDrive\Documents\goblin-ball\goblinball
2025-04-03 11:45:43,642 - goblinball - INFO - Sys path: ['C:\\Users\\johnm\\OneDrive\\Documents\\goblin-ball\\goblinball', 'C:\\Users\\johnm\\AppData\\Local\\Programs\\Python\\Python313\\python313.zip', 'C:\\Users\\johnm\\AppData\\Local\\Programs\\Python\\Python313\\DLLs', 'C:\\Users\\johnm\\AppData\\Local\\Programs\\Python\\Python313\\Lib', 'C:\\Users\\johnm\\AppData\\Local\\Programs\\Python\\Python313', 'C:\\Users\\johnm\\AppData\\Local\\Programs\\Python\\Python313\\Lib\\site-packages']
2025-04-03 11:45:43,643 - goblinball - INFO - ==================================================
2025-04-03 11:45:43,650 - goblinball - INFO - All required modules validated successfully
2025-04-03 11:45:43,650 - goblinball - INFO - Starting Goblinball
2025-04-03 11:45:43,650 - goblinball - INFO - Running from directory: C:\Users\johnm\OneDrive\Documents\goblin-ball\goblinball
2025-04-03 11:45:43,669 - goblinball.controller - INFO - Selected carrier: Graksquisher from team Mudcrushers
2025-04-03 11:45:43,669 - goblinball.controller - INFO - ===== Starting Play 1 =====
2025-04-03 11:45:43,669 - goblinball.controller - INFO - Selected carrier: Globbiter from team Mudcrushers
2025-04-03 11:45:44,810 - goblinball.controller - INFO - ==== Processing Turn 1 ====
2025-04-03 11:45:44,810 - goblinball.controller - INFO - Offense Team: Mudcrushers, Defense Team: Skullsmashers
2025-04-03 11:45:44,810 - goblinball.controller - INFO - Attempting to move carrier Globbiter
2025-04-03 11:45:44,813 - goblinball.controller - INFO - Moving offensive blockers for team Mudcrushers
2025-04-03 11:45:44,814 - goblinball.controller - INFO - Moving defensive blockers for team Skullsmashers
2025-04-03 11:45:45,928 - goblinball.controller - INFO - ==== Processing Turn 2 ====
2025-04-03 11:45:45,928 - goblinball.controller - INFO - Offense Team: Mudcrushers, Defense Team: Skullsmashers
2025-04-03 11:45:45,928 - goblinball.controller - INFO - Attempting to move carrier Globbiter
2025-04-03 11:45:45,929 - goblinball.controller - INFO - Moving offensive blockers for team Mudcrushers
2025-04-03 11:45:45,929 - goblinball.controller - INFO - Moving defensive blockers for team Skullsmashers
2025-04-03 11:45:50,062 - goblinball.controller - INFO - ==== Processing Turn 3 ====
2025-04-03 11:45:50,063 - goblinball.controller - INFO - Offense Team: Mudcrushers, Defense Team: Skullsmashers
2025-04-03 11:45:50,063 - goblinball.controller - INFO - Attempting to move carrier Globbiter
2025-04-03 11:45:50,063 - goblinball.controller - INFO - Moving offensive blockers for team Mudcrushers
2025-04-03 11:45:50,063 - goblinball.controller - INFO - Moving defensive blockers for team Skullsmashers
2025-04-03 11:45:52,298 - goblinball.controller - INFO - ==== Processing Turn 4 ====
2025-04-03 11:45:52,299 - goblinball.controller - INFO - Offense Team: Mudcrushers, Defense Team: Skullsmashers
2025-04-03 11:45:52,299 - goblinball.controller - INFO - Attempting to move carrier Globbiter
2025-04-03 11:45:52,299 - goblinball.controller - INFO - ===== Ending Play 1 after 4 turns =====
2025-04-03 11:45:52,299 - goblinball.controller - INFO - Score: Mudcrushers 0 - 0 Skullsmashers
2025-04-03 11:45:52,299 - goblinball.controller - INFO - Moving offensive blockers for team Skullsmashers
2025-04-03 11:45:52,299 - goblinball.controller - INFO - Moving defensive blockers for team Mudcrushers
2025-04-03 11:45:54,866 - goblinball - INFO - Goblinball ended
